2026-05-02 17:56:35,533 [ERROR] ledger: 命令执行失败: name 'ExportCommand' is not defined
Traceback (most recent call last):
  File "D:\工作\日常工作\台账\ledger_system\program\cli.py", line 96, in main
    cmd = ExportCommand()
          ^^^^^^^^^^^^^
NameError: name 'ExportCommand' is not defined
2026-05-03 14:53:35,941 [ERROR] ledger_system.business.procurement.procurement_import: 解析行失败 [01设备采购清单汇总表]: 'inbound_status' is an invalid keyword argument for Ledger, row=(1, '管控中心设备', '视频储存服务器', '管控中心设备', 1, '套', '【硬件规格】\n处理器：1颗64位多核处理器\n系统内存：8GB\n系统盘：1×256G SSD\n存储接口：SATA接口，支持硬盘热插拔，总容量900TB\n网络接口：3个千兆数据网口，1个千兆管理口\n其他接口：1×COM，2×USB2.0（前置），2×USB3.0（后置），1×VGA（后置），1×HDMI（后置）\n整机电源：800W，1+1冗余电源', '海康', 46133, None, None, None)
2026-05-03 14:53:35,944 [ERROR] ledger_system.business.procurement.procurement_import: 解析行失败 [01设备采购清单汇总表]: 'inbound_status' is an invalid keyword argument for Ledger, row=(2, '监测仪表设备', '压缩空气冷干机', '监测仪表设备', 2, '套', '额定流量：2Nm³/min\n额定压力：0.7-1.6Mpa\n压力露点：2-10℃\n入口温度：≤45℃ \n电源规格：220V/50HZ\n整机功率：0.45Kw\n入口规规格：G1＂内丝螺纹\n出口规规格：G1＂内丝螺纹\n配套除油+除水+除尘+活性炭过滤', '济南科冷净化设备', 46133, None, None, None)
2026-05-03 14:53:35,979 [ERROR] ledger_system.business.procurement.procurement_import: 解析行失败 [01设备采购清单汇总表]: 'inbound_status' is an invalid keyword argument for Ledger, row=(3, None, '冷干机不锈钢雨棚', '监测仪表设备', 1, '项', '304不锈钢，18平方米', '/', 46133, None, None, None)
2026-05-03 14:53:35,979 [ERROR] ledger_system.business.procurement.procurement_import: 解析行失败 [01设备采购清单汇总表]: 'inbound_status' is an invalid keyword argument for Ledger, row=(4, None, '电源电缆', '监测仪表设备', 100, '米', 'RVV3*2.5mm2', '国优', 46133, None, None, None)
2026-05-03 14:53:35,979 [ERROR] ledger_system.business.procurement.procurement_import: 解析行失败 [01设备采购清单汇总表]: 'inbound_status' is an invalid keyword argument for Ledger, row=(5, None, '流量计', '监测仪表设备', 1, '套', '流量计参数：\n型号：CN351-N2B1Z2B1B/LWGY-80(FL)\n介质：精苯（不含水），常温，压力：1.0~1.6MPa，流量范围：0-30m3/h，现场管道口径DN100\n涡轮流量计口径DN80 PN16，316法兰连接，法兰标准：HG20592-2009；\n智能表头带显示，供电DC24V，输出4-20mA；流量范围：10~100m3/h时，精度等级0.5%，\n防护等级IP65，防爆等级：Ex db IIC T6 Gb（不含现场法兰和紧固件）', '国优', 46133, None, None, None)
2026-05-03 14:53:35,979 [ERROR] ledger_system.business.procurement.procurement_import: 解析行失败 [01设备采购清单汇总表]: 'inbound_status' is an invalid keyword argument for Ledger, row=(6, None, '导轨开关电源', '监测仪表设备', 1, '个', '75W导轨开关电源LI75-20B24R2S', '金升阳', 46133, None, None, None)
2026-05-03 14:53:35,979 [ERROR] ledger_system.business.procurement.procurement_import: 解析行失败 [01设备采购清单汇总表]: 'inbound_status' is an invalid keyword argument for Ledger, row=(7, None, '以太网采集模块', '监测仪表设备', 1, '个', 'ETH-MODBUS-IO8R-A(8DI/8DO/6AI/2AO)', '艾莫迅', 46133, None, None, None)
2026-05-03 14:53:35,979 [ERROR] ledger_system.business.procurement.procurement_import: 解析行失败 [01设备采购清单汇总表]: 'inbound_status' is an invalid keyword argument for Ledger, row=(8, None, '流量计数据采集箱', '监测仪表设备', 1, '套', '防爆流量计数据采集箱；\n500*400*250（外部尺寸）壁挂\n进线口DN20（G3/4），配内丝接口，接口配带防爆接头；带背板和地排端子，中间有一层隔层板\n防爆等级满足Ex d IIC T4℃ Gb', '国优', 46133, None, None, None)
2026-05-03 14:53:35,979 [ERROR] ledger_system.business.procurement.procurement_import: 解析行失败 [01设备采购清单汇总表]: 'inbound_status' is an invalid keyword argument for Ledger, row=(9, None, '镀锌矩通', '监测仪表设备', 180, '米', '40*20*1.5，国标，热镀锌，锌层厚度>70um', '定制', 46133, None, None, None)
2026-05-03 14:53:35,980 [ERROR] ledger_system.business.procurement.procurement_import: 解析行失败 [01设备采购清单汇总表]: 'inbound_status' is an invalid keyword argument for Ledger, row=(10, None, '流量计安装材料清册', '监测仪表设备', 1, '批', '方管，钢板、槽钢、扁钢、花纹板、角钢、管道、标准件等等', '国优', 46133, None, None, None)
2026-05-03 14:53:35,980 [ERROR] ledger_system.business.procurement.procurement_import: 解析行失败 [01设备采购清单汇总表]: 'inbound_status' is an invalid keyword argument for Ledger, row=(11, '视频监控设备', '洗车机车牌识别监控', '视频监控设备', 4, '套', '型号：VTCD52A-A00D\n像素：500万；\n标配4mm定焦镜头\n最大分辨率：2880(H) x 1620(V)；\n视频压缩标准：H.265；H.264；\n供电方式：DC12V；\n防护等级：IP66；\n功率：8W；\n自带补光灯（可满足在现场弱光或无光环境下使用）\n配套220V开关电源套件（TJ-DY-001）', '臻识科技', 46133, None, None, None)
2026-05-03 14:53:35,980 [ERROR] ledger_system.business.procurement.procurement_import: 解析行失败 [01设备采购清单汇总表]: 'inbound_status' is an invalid keyword argument for Ledger, row=(12, None, '车牌识别监控立杆', '视频监控设备', 4, '套', 'I型枪机专用可伸缩立杆；\n伸缩范围：1-1.5米；\n材质：碳钢喷塑；\n立杆顶部配套鸭嘴万向支架', '/', 46133, None, None, None)
2026-05-03 14:53:35,980 [ERROR] ledger_system.business.procurement.procurement_import: 解析行失败 [01设备采购清单汇总表]: 'inbound_status' is an invalid keyword argument for Ledger, row=(13, None, '球机监控', '视频监控设备', 24, '套', 'DS-2DF8C425MXR-DWB\n400万像素高清变焦智能球机，带雨刷', '海康', 46133, None, None, None)
2026-05-03 14:53:35,980 [ERROR] ledger_system.business.procurement.procurement_import: 解析行失败 [01设备采购清单汇总表]: 'inbound_status' is an invalid keyword argument for Ledger, row=(14, None, '防爆球机监控', '视频监控设备', 7, '套', 'DS-2DF54HJE-R\n400万像素高清变焦智能球机，带雨刷\n防爆：Ex db ib ⅡC T6 Gb/Ex ib tb ⅢC T80℃ Db \n配套DN20内丝螺纹接口', '海康', 46133, None, None, None)
2026-05-03 14:53:35,980 [ERROR] ledger_system.business.procurement.procurement_import: 解析行失败 [01设备采购清单汇总表]: 'inbound_status' is an invalid keyword argument for Ledger, row=(15, None, '防爆球机壁装支架', '视频监控设备', 7, '套', 'DS-4405ZJ-BC 防爆球9-壁装支架\n产品尺寸：150*150*230mm\n安装方式：壁装', '海康', 46133, None, None, None)
2026-05-03 14:53:35,980 [ERROR] ledger_system.business.procurement.procurement_import: 解析行失败 [01设备采购清单汇总表]: 'inbound_status' is an invalid keyword argument for Ledger, row=(16, None, '球机壁装支架', '视频监控设备', 23, '套', 'DS-4603ZJ-PA', '海康', 46133, None, None, None)
2026-05-03 14:53:35,980 [ERROR] ledger_system.business.procurement.procurement_import: 解析行失败 [01设备采购清单汇总表]: 'inbound_status' is an invalid keyword argument for Ledger, row=(17, None, '球机吊装支架', '视频监控设备', 1, '套', 'DS-1663ZJ', '海康', 46133, None, None, None)
2026-05-03 14:53:35,981 [ERROR] ledger_system.business.procurement.procurement_import: 解析行失败 [01设备采购清单汇总表]: 'inbound_status' is an invalid keyword argument for Ledger, row=(18, None, '抱箍结构', '视频监控设备', 27, '套', 'DS-1684ZJ-P', '海康', 46133, None, None, None)
2026-05-03 14:53:35,981 [ERROR] ledger_system.business.procurement.procurement_import: 解析行失败 [01设备采购清单汇总表]: 'inbound_status' is an invalid keyword argument for Ledger, row=(19, None, '枪机监控（2.7-12mm变焦）', '视频监控设备', 2, '套', 'DS-2CD3646FWDA3/F-LZS(2.7-12mm；变焦) ；400万像素，枪机\nPOE供电', '海康', 46133, None, None, None)
2026-05-03 14:53:35,981 [ERROR] ledger_system.business.procurement.procurement_import: 解析行失败 [01设备采购清单汇总表]: 'inbound_status' is an invalid keyword argument for Ledger, row=(20, None, '防爆枪机监控（2.8-12mm变焦）', '视频监控设备', 1, '套', 'DS-2XE3049FWD-DXZ(2.8-12mm；变焦) ；400万像素，枪机；\n粉尘防爆防爆标志：Ex db IIC T6 Gb/Ex tb IIIC T80℃ Db，\nPOE供电\n配套DN20内丝螺纹接口\n', '海康', 46133, None, None, None)
2026-05-03 14:53:35,981 [ERROR] ledger_system.business.procurement.procurement_import: 解析行失败 [01设备采购清单汇总表]: 'inbound_status' is an invalid keyword argument for Ledger, row=(21, None, '防爆枪机', '视频监控设备', 25, '套', 'DS-2XE8747FWD-L \n400万广角拼接摄像机，焦距&视场角：2.8 mm：水平视场角180°，垂直视场角75°\n防爆标志：Ex db IIC T6 Gb/Ex tb IIIC T80℃ Db\nPOE供电\n配套DN20内丝螺纹接口', '海康', 46133, None, None, None)
2026-05-03 14:53:35,981 [ERROR] ledger_system.business.procurement.procurement_import: 解析行失败 [01设备采购清单汇总表]: 'inbound_status' is an invalid keyword argument for Ledger, row=(22, None, '不锈钢壁挂支架', '视频监控设备', 28, '套', 'DS-1704ZJ-EH', '海康', 46133, None, None, None)
2026-05-03 14:53:35,981 [ERROR] ledger_system.business.procurement.procurement_import: 解析行失败 [01设备采购清单汇总表]: 'inbound_status' is an invalid keyword argument for Ledger, row=(23, None, '不锈钢抱箍结构', '视频监控设备', 16, '套', 'DS-1684ZJ-P', '海康', 46133, None, None, None)
2026-05-03 14:53:35,982 [ERROR] ledger_system.business.procurement.procurement_import: 解析行失败 [01设备采购清单汇总表]: 'inbound_status' is an invalid keyword argument for Ledger, row=(24, None, '防爆枪机安装专用万向调节鸭嘴支架', '视频监控设备', 25, '套', '横臂末端配套枪机安装专用万向调节鸭嘴支架', '海康', 46133, None, None, None)
2026-05-03 14:53:35,982 [ERROR] ledger_system.business.procurement.procurement_import: 解析行失败 [01设备采购清单汇总表]: 'inbound_status' is an invalid keyword argument for Ledger, row=(25, '雾炮设备', '40米雾炮', '雾炮设备', 1, '套', '超细雾炮，射程40米（静风状态）；防爆等级Ex tb ⅢC T4 Db，二级能效（新国标）', '新之地', 46133, None, None, None)
2026-05-03 14:53:35,982 [ERROR] ledger_system.business.procurement.procurement_import: 解析行失败 [01设备采购清单汇总表]: 'inbound_status' is an invalid keyword argument for Ledger, row=(26, None, '50米雾炮', '雾炮设备', 2, '套', '超细雾炮，射程50米（静风状态）；防爆等级Ex tb ⅢC T4 Db，二级能效（新国标）', '新之地', 46133, None, None, None)
2026-05-03 14:53:35,982 [ERROR] ledger_system.business.procurement.procurement_import: 解析行失败 [01设备采购清单汇总表]: 'inbound_status' is an invalid keyword argument for Ledger, row=(27, None, '60米雾炮', '雾炮设备', 6, '套', '超细雾炮，射程60米（静风状态）；防爆等级Ex tb ⅢC T4 Db，二级能效（新国标）', '新之地', 46133, None, None, None)
2026-05-03 14:53:35,982 [ERROR] ledger_system.business.procurement.procurement_import: 解析行失败 [01设备采购清单汇总表]: 'inbound_status' is an invalid keyword argument for Ledger, row=(28, None, '70米雾炮', '雾炮设备', 1, '套', '超细雾炮，射程80米（静风状态）；防爆等级Ex tb ⅢC T4 Db，二级能效（新国标）', '新之地', 46133, None, None, None)
2026-05-03 14:53:35,982 [ERROR] ledger_system.business.procurement.procurement_import: 解析行失败 [01设备采购清单汇总表]: 'inbound_status' is an invalid keyword argument for Ledger, row=(29, None, '100米雾炮', '雾炮设备', 1, '套', '超细雾炮，射程100米（静风状态）；防爆等级Ex tb ⅢC T4 Db，二级能效（新国标）', '新之地', 46133, None, None, None)
2026-05-03 14:53:35,982 [ERROR] ledger_system.business.procurement.procurement_import: 解析行失败 [01设备采购清单汇总表]: 'inbound_status' is an invalid keyword argument for Ledger, row=(30, None, '恒压供水系统', '雾炮设备', 1, '台', '水泵流量：50m³/h，扬程：106m，功率：22KW，一用一备；水泵过流部件304不锈钢材质；配套变频器（一控二）和隔膜稳压罐；配套落地成套控制电控柜（不锈钢304，西门子PLC）；含止回阀，配套低液位缺水保护；配套压力表和流量计（配套就地显示），双边主管，槽钢底座等；进出水接口DN100，法兰连接；成套恒压变频供水系统。\n过流部分需要进行阻燃保温棉保温；', '/', 46133, None, None, None)
2026-05-03 14:53:35,984 [ERROR] ledger_system.business.procurement.procurement_import: 解析行失败 [01设备采购清单汇总表]: 'inbound_status' is an invalid keyword argument for Ledger, row=(31, None, '恒压供水系统', '雾炮设备', 1, '台', '水泵流量：32m³/h，扬程：109m，功率：15KW，一用一备；水泵过流部件304不锈钢材质；配套变频器（一控二）和隔膜稳压罐；配套落地成套控制电控柜（不锈钢304，西门子PLC）；含止回阀，配套低液位缺水保护；配套压力表和流量计（配套就地显示），双边主管，槽钢底座等；进出水接口DN100，法兰连接；成套恒压变频供水系统。\n过流部分需要进行阻燃保温棉保温', '/', 46133, None, None, None)
2026-05-03 14:53:35,985 [ERROR] ledger_system.business.procurement.procurement_import: 解析行失败 [01设备采购清单汇总表]: 'inbound_status' is an invalid keyword argument for Ledger, row=(32, None, '恒压供水系统', '雾炮设备', 1, '台', '水泵流量：18m³/h，扬程：109m，功率：11KW，一用一备；水泵过流部件304不锈钢材质；配套变频器（一控二）和隔膜稳压罐；配套落地成套控制电控柜（不锈钢304，西门子PLC）；含止回阀，配套低液位缺水保护；配套压力表和流量计（配套就地显示），双边主管，槽钢底座等；进出水接口DN80，法兰连接；成套恒压变频供水系统。\n过流部分需要进行阻燃保温棉保温；', '/', 46133, None, None, None)
2026-05-03 14:53:35,986 [ERROR] ledger_system.business.procurement.procurement_import: 解析行失败 [01设备采购清单汇总表]: 'inbound_status' is an invalid keyword argument for Ledger, row=(33, None, '30立方水箱', '雾炮设备', 1, '台', '3*4*2.5（高）m，不锈钢材质双层，带保温；配套槽钢底座等；配套内外爬梯，进出水口DN100；排污管道DN50；配套固定液位计（输出高低液位信号）；配套DN100电动阀等；高液位停止补水，低液位开始补水。', '/', 46133, None, None, None)
2026-05-03 14:53:35,986 [ERROR] ledger_system.business.procurement.procurement_import: 解析行失败 [01设备采购清单汇总表]: 'inbound_status' is an invalid keyword argument for Ledger, row=(34, None, '18立方水箱', '雾炮设备', 1, '台', '3*3*2.0（高）m，不锈钢材质双层，带保温；配套槽钢底座等；配套内外爬梯，进出水口DN80；排污管道DN50；配套固定液位计（输出高低液位信号）；配套DN80电动阀等；高液位停止补水，低液位开始补水。', '/', 46133, None, None, None)
2026-05-03 14:53:35,986 [ERROR] ledger_system.business.procurement.procurement_import: 解析行失败 [01设备采购清单汇总表]: 'inbound_status' is an invalid keyword argument for Ledger, row=(35, None, '精密过滤器', '雾炮设备', 1, '套', 'Q=65m3/h，过滤精度50μm', '新之地', 46133, None, None, None)
2026-05-03 14:53:35,986 [ERROR] ledger_system.business.procurement.procurement_import: 解析行失败 [01设备采购清单汇总表]: 'inbound_status' is an invalid keyword argument for Ledger, row=(36, None, '自动反冲洗过滤器', '雾炮设备', 1, '套', 'Q=65m3/h，过滤精度100μm', '新之地', 46133, None, None, None)
2026-05-03 14:53:35,987 [ERROR] ledger_system.business.procurement.procurement_import: 解析行失败 [01设备采购清单汇总表]: 'inbound_status' is an invalid keyword argument for Ledger, row=(37, '洗车台设备', '水泵-1', '洗车机设备', 9, '台', 'Q=30m3/h，扬程105m，功率15kw\n晋鑫泵业WQX3A30-105-15KW', '晋鑫泵业', 46133, None, None, None)
2026-05-03 14:53:35,987 [ERROR] ledger_system.business.procurement.procurement_import: 解析行失败 [01设备采购清单汇总表]: 'inbound_status' is an invalid keyword argument for Ledger, row=(38, None, '水泵-2', '洗车机设备', 3, '台', 'Q=20m3/h，扬程140m，功率13kw\n晋鑫泵业WQX20-140-13KW', '晋鑫泵业', 46133, None, None, None)
2026-05-03 14:53:35,987 [ERROR] ledger_system.business.procurement.procurement_import: 解析行失败 [01设备采购清单汇总表]: 'inbound_status' is an invalid keyword argument for Ledger, row=(39, None, '红外对射', '洗车机设备', 3, '套', '对射距离10米', '欧姆龙或同等', 46133, None, None, None)
2026-05-03 14:53:35,987 [ERROR] ledger_system.business.procurement.procurement_import: 解析行失败 [01设备采购清单汇总表]: 'inbound_status' is an invalid keyword argument for Ledger, row=(40, None, '压力表', '洗车机设备', 3, '个', '型号：远传压力表，压力范围:0-1.6MPa；精度等级：2.5；接头：M14*1.5；材质：304不锈钢；介质：清水/压缩空气；外螺纹连接', '/', 46133, None, None, None)
2026-05-03 14:53:35,987 [ERROR] ledger_system.business.procurement.procurement_import: 解析行失败 [01设备采购清单汇总表]: 'inbound_status' is an invalid keyword argument for Ledger, row=(41, None, '304不锈钢内外丝转换接头', '洗车机设备', 3, '个', '内丝M14*1.5转外丝1/2寸 压力表接头', '/', 46133, None, None, None)
2026-05-03 14:53:35,987 [ERROR] ledger_system.business.procurement.procurement_import: 解析行失败 [01设备采购清单汇总表]: 'inbound_status' is an invalid keyword argument for Ledger, row=(42, None, '洗车机控制柜', '洗车机设备', 3, '套', '详见洗车机技术要求，含控制柜、洗车机调试、及相关电缆', '/', 46133, None, None, None)
2026-05-03 14:53:35,987 [INFO] ledger_system.business.procurement.procurement_import: 导入完成 [01设备采购清单汇总表]: 0 条
2026-05-03 14:53:35,988 [ERROR] ledger_system.business.procurement.procurement_import: 解析行失败 [01-01流量计安装材料采购清单]: 'inbound_status' is an invalid keyword argument for Ledger, row=(1, '钢板 ', 'δ10', 'Q235-A.F', 'GB／T 709-2006', 1.2, 'm2', 94.2, None, 46133, None, None, None)
2026-05-03 14:53:35,988 [ERROR] ledger_system.business.procurement.procurement_import: 解析行失败 [01-01流量计安装材料采购清单]: 'inbound_status' is an invalid keyword argument for Ledger, row=(2, '矩形方管', '150X150X5', 'Q235-A.F', 'GB/T6728-2002', 18, '米', 409.86, '一根6米，3根', 46133, None, None, '镀锌')
2026-05-03 14:53:35,989 [ERROR] ledger_system.business.procurement.procurement_import: 解析行失败 [01-01流量计安装材料采购清单]: 'inbound_status' is an invalid keyword argument for Ledger, row=(3, '矩形方管', '50X50X3', 'Q235-A.F', 'GB/T6728-2002', 12, '米', 53.16, '一根6米，2根', 46133, None, None, '镀锌')
2026-05-03 14:53:35,989 [ERROR] ledger_system.business.procurement.procurement_import: 解析行失败 [01-01流量计安装材料采购清单]: 'inbound_status' is an invalid keyword argument for Ledger, row=(4, '槽钢', '8#', 'Q235-A.F', 'GB/T706-2016', 12, '米', 96.6, '一根6米，2根', 46133, None, None, '镀锌')
2026-05-03 14:53:35,989 [ERROR] ledger_system.business.procurement.procurement_import: 解析行失败 [01-01流量计安装材料采购清单]: 'inbound_status' is an invalid keyword argument for Ledger, row=(5, '扁钢   ', '-100×3', 'Q235-A.F', 'GB/T 702-2017', 12, '米', 28.32, '一根6米，2根', 46133, None, None, None)
2026-05-03 14:53:35,989 [ERROR] ledger_system.business.procurement.procurement_import: 解析行失败 [01-01流量计安装材料采购清单]: 'inbound_status' is an invalid keyword argument for Ledger, row=(6, '扁钢   ', '-30×4', 'Q235-A.F', 'GB/T 702-2017', 24, '米', 22.56, '一根6米，4根', 46133, None, None, '镀锌')
2026-05-03 14:53:35,989 [ERROR] ledger_system.business.procurement.procurement_import: 解析行失败 [01-01流量计安装材料采购清单]: 'inbound_status' is an invalid keyword argument for Ledger, row=(7, '焊接钢管 ', 'φ34×2.5', 'Q235-A.F', 'GB1030-1999', 24, '米', 46.56, '一根6米，4根', 46133, None, None, '镀锌')
2026-05-03 14:53:35,989 [ERROR] ledger_system.business.procurement.procurement_import: 解析行失败 [01-01流量计安装材料采购清单]: 'inbound_status' is an invalid keyword argument for Ledger, row=(8, '花纹钢板 ', 'δ6', 'Q235-A.F', 'GB/T3277-1991', 6.7, 'm2', 324.28, None, 46133, None, None, '镀锌')
2026-05-03 14:53:35,989 [ERROR] ledger_system.business.procurement.procurement_import: 解析行失败 [01-01流量计安装材料采购清单]: 'inbound_status' is an invalid keyword argument for Ledger, row=(9, '槽钢', '12#', 'Q235-A.F', 'GB/T706-2016', 24, '米', 290.4, '一根6米，4根', 46133, None, None, '镀锌')
2026-05-03 14:53:35,989 [ERROR] ledger_system.business.procurement.procurement_import: 解析行失败 [01-01流量计安装材料采购清单]: 'inbound_status' is an invalid keyword argument for Ledger, row=(10, '角钢∠63*63*10  ', '∠63*63*10  ', 'Q235-A.F', 'GB/9788-1988', 12, '米', 109.8, '一根6米，2根', 46133, None, None, '镀锌')
2026-05-03 14:53:35,989 [ERROR] ledger_system.business.procurement.procurement_import: 解析行失败 [01-01流量计安装材料采购清单]: 'inbound_status' is an invalid keyword argument for Ledger, row=(11, '角钢∠50*50*5  ', '∠50*50*5  ', 'Q235-A.F', 'GB/9788-1988', 6, '米', 22.62, '一根6米，1根', 46133, None, None, '镀锌')
2026-05-03 14:53:35,989 [ERROR] ledger_system.business.procurement.procurement_import: 解析行失败 [01-01流量计安装材料采购清单]: 'inbound_status' is an invalid keyword argument for Ledger, row=(12, '焊接钢管 ', 'φ34×2.5', 'Q235-A.F', 'GB1030-1999', 6, '米', 11.64, '一根6米，1根', 46133, None, None, '镀锌')
2026-05-03 14:53:35,990 [ERROR] ledger_system.business.procurement.procurement_import: 解析行失败 [01-01流量计安装材料采购清单]: 'inbound_status' is an invalid keyword argument for Ledger, row=(13, '扁钢   ', '-50×6', 'Q235-A.F', 'GB/T 702-2017', 12, '米', 28.2, '一根6米，2根', 46133, None, None, '镀锌')
2026-05-03 14:53:35,990 [ERROR] ledger_system.business.procurement.procurement_import: 解析行失败 [01-01流量计安装材料采购清单]: 'inbound_status' is an invalid keyword argument for Ledger, row=(14, '扁钢   ', '-40×5', 'Q235-A.F', 'GB/T 702-2017', 6, '米', 9.42, '一根6米，1根', 46133, None, None, '镀锌')
2026-05-03 14:53:35,990 [ERROR] ledger_system.business.procurement.procurement_import: 解析行失败 [01-01流量计安装材料采购清单]: 'inbound_status' is an invalid keyword argument for Ledger, row=(15, '无缝热镀锌钢管', 'DN100      φ114*4.0', '20#钢 热镀锌', 'GBT 3091-2015', 12, '米', 130.2, 'G=10.85Kg/m', 46133, None, None, None)
2026-05-03 14:53:35,990 [ERROR] ledger_system.business.procurement.procurement_import: 解析行失败 [01-01流量计安装材料采购清单]: 'inbound_status' is an invalid keyword argument for Ledger, row=(16, '等边角钢', '∠50×50×5', 'Q235-A.F', 'GB/T 706-2016', 6, '米', 22.62, 'G=3.77Kg/m', 46133, None, None, '镀锌')
2026-05-03 14:53:35,990 [ERROR] ledger_system.business.procurement.procurement_import: 解析行失败 [01-01流量计安装材料采购清单]: 'inbound_status' is an invalid keyword argument for Ledger, row=(17, '对焊无缝90°弯头', 'DN100A  90E(L)', ' GB/T12459-2005，热热镀锌 铸铁', '/', 2, '个', None, None, 46133, None, None, None)
2026-05-03 14:53:35,990 [ERROR] ledger_system.business.procurement.procurement_import: 解析行失败 [01-01流量计安装材料采购清单]: 'inbound_status' is an invalid keyword argument for Ledger, row=(18, '同心大小头', 'DN100*80', 'GB/T 12459 R(C)  A系列，热镀锌 铸铁', '/', 2, '个', None, None, 46133, None, None, None)
2026-05-03 14:53:35,990 [ERROR] ledger_system.business.procurement.procurement_import: 解析行失败 [01-01流量计安装材料采购清单]: 'inbound_status' is an invalid keyword argument for Ledger, row=(19, '平焊钢制管法兰', 'DN80，压力：1.6MPa；介质：纯苯；材质：316L；设计温度：0-150°C；GB/T 20592-2009', 'GB/T 9119-2016 DN100，304不锈钢', '/', 2, '片', None, None, 46133, None, None, None)
2026-05-03 14:53:35,990 [ERROR] ledger_system.business.procurement.procurement_import: 解析行失败 [01-01流量计安装材料采购清单]: 'inbound_status' is an invalid keyword argument for Ledger, row=(20, '法兰垫', 'DN80，氟橡胶，介质：纯苯', '/', '/', 2, '片', None, None, 46133, None, None, None)
2026-05-03 14:53:35,990 [ERROR] ledger_system.business.procurement.procurement_import: 解析行失败 [01-01流量计安装材料采购清单]: 'inbound_status' is an invalid keyword argument for Ledger, row=(21, '螺栓', 'M16×70mm，带单螺母，平弹垫，304不锈钢', '/', '/', 26, '个', None, None, 46133, None, None, None)
2026-05-03 14:53:35,990 [ERROR] ledger_system.business.procurement.procurement_import: 解析行失败 [01-01流量计安装材料采购清单]: 'inbound_status' is an invalid keyword argument for Ledger, row=(22, '岩棉管', '配DN80管路，厚50mm，岩棉', '/', '/', 10, '米', None, None, 46133, None, None, None)
2026-05-03 14:53:35,991 [INFO] ledger_system.business.procurement.procurement_import: 导入完成 [01-01流量计安装材料采购清单]: 0 条
2026-05-03 14:53:35,992 [ERROR] ledger_system.business.procurement.procurement_import: 解析行失败 [02材料采购清单汇总表]: 'inbound_status' is an invalid keyword argument for Ledger, row=(1, '治理设施工艺材料', '无缝热镀锌钢管', '治理设施工艺材料', 24, '米', 'DN150    φ168*4.5   20#钢 热镀锌', '国优', 46133, None, None, None)
2026-05-03 14:53:35,992 [ERROR] ledger_system.business.procurement.procurement_import: 解析行失败 [02材料采购清单汇总表]: 'inbound_status' is an invalid keyword argument for Ledger, row=(2, None, '无缝热镀锌钢管', '治理设施工艺材料', 1320, '米', 'DN100     φ114*4.0   20#钢 热镀锌', '国优', 46133, None, None, None)
2026-05-03 14:53:35,992 [ERROR] ledger_system.business.procurement.procurement_import: 解析行失败 [02材料采购清单汇总表]: 'inbound_status' is an invalid keyword argument for Ledger, row=(3, None, '无缝热镀锌钢管', '治理设施工艺材料', 1464, '米', 'DN80     φ89*4.0   20#钢 热镀锌', '国优', 46133, None, None, None)
2026-05-03 14:53:35,992 [ERROR] ledger_system.business.procurement.procurement_import: 解析行失败 [02材料采购清单汇总表]: 'inbound_status' is an invalid keyword argument for Ledger, row=(4, None, '无缝热镀锌钢管', '治理设施工艺材料', 1362, '米', 'DN50     φ60*4.0   20#钢 热镀锌', '国优', 46133, None, None, None)
2026-05-03 14:53:35,992 [ERROR] ledger_system.business.procurement.procurement_import: 解析行失败 [02材料采购清单汇总表]: 'inbound_status' is an invalid keyword argument for Ledger, row=(5, None, '无缝热镀锌钢管', '治理设施工艺材料', 102, '米', 'DN40     φ48*3.5   20#钢 热镀锌', '国优', 46133, None, None, None)
2026-05-03 14:53:35,992 [ERROR] ledger_system.business.procurement.procurement_import: 解析行失败 [02材料采购清单汇总表]: 'inbound_status' is an invalid keyword argument for Ledger, row=(6, None, '无缝热镀锌钢管', '治理设施工艺材料', 636, '米', 'DN32     φ42*3.5   20#钢 热镀锌', '国优', 46133, None, None, None)
2026-05-03 14:53:35,992 [ERROR] ledger_system.business.procurement.procurement_import: 解析行失败 [02材料采购清单汇总表]: 'inbound_status' is an invalid keyword argument for Ledger, row=(7, None, '无缝热镀锌钢管', '治理设施工艺材料', 24, '米', 'DN25     φ34*3.0   20#钢 热镀锌', '国优', 46133, None, None, None)
2026-05-03 14:53:35,993 [ERROR] ledger_system.business.procurement.procurement_import: 解析行失败 [02材料采购清单汇总表]: 'inbound_status' is an invalid keyword argument for Ledger, row=(8, None, '无缝热镀锌钢管', '治理设施工艺材料', 276, '米', 'DN20     φ27*3.0   20#钢 热镀锌', '国优', 46133, None, None, None)
2026-05-03 14:53:35,993 [ERROR] ledger_system.business.procurement.procurement_import: 解析行失败 [02材料采购清单汇总表]: 'inbound_status' is an invalid keyword argument for Ledger, row=(9, None, '等边角钢', '治理设施工艺材料', 4000, '米', '∠50×50×5  Q235-A.F  热镀锌', '国优', 46133, None, None, None)
2026-05-03 14:53:35,993 [ERROR] ledger_system.business.procurement.procurement_import: 解析行失败 [02材料采购清单汇总表]: 'inbound_status' is an invalid keyword argument for Ledger, row=(10, None, '10#槽钢', '治理设施工艺材料', 30, '米', '10#槽钢Q235-A.F 热镀锌', '国优', 46133, None, None, None)
2026-05-03 14:53:35,993 [ERROR] ledger_system.business.procurement.procurement_import: 解析行失败 [02材料采购清单汇总表]: 'inbound_status' is an invalid keyword argument for Ledger, row=(11, None, '岩棉管', '治理设施工艺材料', 20, '米', '配DN150管路，厚50mm 岩棉', '国优', 46133, None, None, None)
2026-05-03 14:53:35,993 [ERROR] ledger_system.business.procurement.procurement_import: 解析行失败 [02材料采购清单汇总表]: 'inbound_status' is an invalid keyword argument for Ledger, row=(12, None, '岩棉管', '治理设施工艺材料', 1320, '米', '配DN100管路，厚50mm 岩棉', '国优', 46133, None, None, None)
2026-05-03 14:53:35,993 [ERROR] ledger_system.business.procurement.procurement_import: 解析行失败 [02材料采购清单汇总表]: 'inbound_status' is an invalid keyword argument for Ledger, row=(13, None, '岩棉管', '治理设施工艺材料', 1464, '米', '配DN80管路，厚50mm 岩棉', '国优', 46133, None, None, None)
2026-05-03 14:53:35,993 [ERROR] ledger_system.business.procurement.procurement_import: 解析行失败 [02材料采购清单汇总表]: 'inbound_status' is an invalid keyword argument for Ledger, row=(14, None, '岩棉管', '治理设施工艺材料', 1200, '米', '配DN50管路，厚50mm 岩棉', '国优', 46133, None, None, None)
2026-05-03 14:53:35,993 [ERROR] ledger_system.business.procurement.procurement_import: 解析行失败 [02材料采购清单汇总表]: 'inbound_status' is an invalid keyword argument for Ledger, row=(15, None, '岩棉管', '治理设施工艺材料', 102, '米', '配DN40管路，厚50mm 岩棉', '国优', 46133, None, None, None)
2026-05-03 14:53:35,993 [ERROR] ledger_system.business.procurement.procurement_import: 解析行失败 [02材料采购清单汇总表]: 'inbound_status' is an invalid keyword argument for Ledger, row=(16, None, '岩棉管', '治理设施工艺材料', 600, '米', '配DN32管路，厚50mm 岩棉', '国优', 46133, None, None, None)
2026-05-03 14:53:35,993 [ERROR] ledger_system.business.procurement.procurement_import: 解析行失败 [02材料采购清单汇总表]: 'inbound_status' is an invalid keyword argument for Ledger, row=(17, None, '岩棉管', '治理设施工艺材料', 24, '米', '配DN25管路，厚50mm 岩棉', '国优', 46133, None, None, None)
2026-05-03 14:53:35,993 [ERROR] ledger_system.business.procurement.procurement_import: 解析行失败 [02材料采购清单汇总表]: 'inbound_status' is an invalid keyword argument for Ledger, row=(18, None, '铝板', '治理设施工艺材料', 2800, '平米', 't=0.4mm  卷材 铝材', '国优', 46133, None, None, None)
2026-05-03 14:53:35,994 [ERROR] ledger_system.business.procurement.procurement_import: 解析行失败 [02材料采购清单汇总表]: 'inbound_status' is an invalid keyword argument for Ledger, row=(19, None, '镀锌铁丝', '治理设施工艺材料', 100, 'kg', '线径∮0.5~0.7mm；镀锌', '国优', 46133, None, None, None)
2026-05-03 14:53:35,994 [ERROR] ledger_system.business.procurement.procurement_import: 解析行失败 [02材料采购清单汇总表]: 'inbound_status' is an invalid keyword argument for Ledger, row=(20, None, '拉铆钉', '治理设施工艺材料', 61000, '个', 'M4*12；镀锌', '国优', 46133, None, None, None)
2026-05-03 14:53:35,994 [ERROR] ledger_system.business.procurement.procurement_import: 解析行失败 [02材料采购清单汇总表]: 'inbound_status' is an invalid keyword argument for Ledger, row=(21, None, '橡塑板', '治理设施工艺材料', 10, '㎡', '橡塑 厚30mm，带铝箔', '国优', 46133, None, None, None)
2026-05-03 14:53:35,994 [ERROR] ledger_system.business.procurement.procurement_import: 解析行失败 [02材料采购清单汇总表]: 'inbound_status' is an invalid keyword argument for Ledger, row=(22, None, '铝箔接缝胶带', '治理设施工艺材料', 8, '卷', '宽度50mm，50米/卷', '国优', 46133, None, None, None)
2026-05-03 14:53:35,994 [ERROR] ledger_system.business.procurement.procurement_import: 解析行失败 [02材料采购清单汇总表]: 'inbound_status' is an invalid keyword argument for Ledger, row=(23, None, '金属软管', '治理设施工艺材料', 24, '根', 'DN32，L=1200mm，1.0MPa，\n一头G1-1/4＂外丝，一头G1-1/4＂内丝；不锈钢接头', '国优', 46133, None, None, None)
2026-05-03 14:53:35,994 [ERROR] ledger_system.business.procurement.procurement_import: 解析行失败 [02材料采购清单汇总表]: 'inbound_status' is an invalid keyword argument for Ledger, row=(24, None, '阀门', '治理设施工艺材料', 1, '批', '不锈钢', '国优', 46133, None, None, None)
2026-05-03 14:53:35,994 [ERROR] ledger_system.business.procurement.procurement_import: 解析行失败 [02材料采购清单汇总表]: 'inbound_status' is an invalid keyword argument for Ledger, row=(25, None, '标准件', '治理设施工艺材料', 1, '批', '活接头、大小头、法兰、三通、弯头、管箍、管卡、螺栓、软管等', '国优', 46133, None, None, None)
2026-05-03 14:53:35,994 [ERROR] ledger_system.business.procurement.procurement_import: 解析行失败 [02材料采购清单汇总表]: 'inbound_status' is an invalid keyword argument for Ledger, row=(26, None, '雾炮塔架材料', '治理设施工艺材料', 1, '批', '方管，钢板、槽钢、扁钢、花纹板、角钢等', '国优', 46133, None, None, None)
2026-05-03 14:53:35,994 [ERROR] ledger_system.business.procurement.procurement_import: 解析行失败 [02材料采购清单汇总表]: 'inbound_status' is an invalid keyword argument for Ledger, row=(27, None, '彩钢板雨棚', '治理设施工艺材料', 3, '套', '含立柱、彩钢板\n5m*3.5m*3.5m', '国优', 46133, None, None, None)
2026-05-03 14:53:35,995 [ERROR] ledger_system.business.procurement.procurement_import: 解析行失败 [02材料采购清单汇总表]: 'inbound_status' is an invalid keyword argument for Ledger, row=(28, None, '镀锌钢板单开门', '治理设施工艺材料', 1, '套', '镀锌钢板；高*宽=2*1.5米（含边框）\n包含原有墙体拆除（2米高*1.5米宽）', '国优', 46133, None, None, None)
2026-05-03 14:53:35,995 [ERROR] ledger_system.business.procurement.procurement_import: 解析行失败 [02材料采购清单汇总表]: 'inbound_status' is an invalid keyword argument for Ledger, row=(29, '电缆材料类', '防爆底层通信柜', '电缆材料类', 55, '套', '500*400*250（外部尺寸）壁挂\n进线口DN20（G3/4），配内丝接口，接口配带防爆接头；带背板和地排端子，中间有一层隔层板；箱内背面有独立背板，门板配密封条防止进水，箱内配有接线地排，内置导轨，\n防爆等级满足Extb ⅢC T4℃ Db', '定制，国优', 46133, None, None, None)
2026-05-03 14:53:35,995 [ERROR] ledger_system.business.procurement.procurement_import: 解析行失败 [02材料采购清单汇总表]: 'inbound_status' is an invalid keyword argument for Ledger, row=(30, None, '防爆底层通信柜', '电缆材料类', 1, '套', '500*400*250（外部尺寸）壁挂\n进线口DN20（G3/4），配内丝接口，接口配带防爆接头；带背板和地排端子，中间有一层隔层板；箱内背面有独立背板，门板配密封条防止进水，箱内配有接线地排，内置导轨，\n防爆等级满足Ex d IIC T4℃ Gb', '定制，国优', 46133, None, None, None)
2026-05-03 14:53:35,995 [ERROR] ledger_system.business.procurement.procurement_import: 解析行失败 [02材料采购清单汇总表]: 'inbound_status' is an invalid keyword argument for Ledger, row=(31, None, '通信箱', '电缆材料类', 10, '个', '450*350*250mm，壁挂安装，板厚：1.2mm,碳钢喷塑中间有一层隔层板，箱内背面有独立背板，门板配密封条防止进水，箱内配有接线地排，内置导轨，室外防雨，配置有防雨罩，进出线孔开6个DN20孔，配有防水接头。', '定制，国优', 46133, None, None, None)
2026-05-03 14:53:35,995 [ERROR] ledger_system.business.procurement.procurement_import: 解析行失败 [02材料采购清单汇总表]: 'inbound_status' is an invalid keyword argument for Ledger, row=(32, None, '电源线', '电缆材料类', 6903, '米', 'ZC-RVV3*1.5国标，非屏蔽', '国优', 46133, None, None, None)
2026-05-03 14:53:35,995 [ERROR] ledger_system.business.procurement.procurement_import: 解析行失败 [02材料采购清单汇总表]: 'inbound_status' is an invalid keyword argument for Ledger, row=(33, None, '断路器 ', '电缆材料类', 2, '个', '2P C32A ', '施耐德/正泰等', 46133, None, None, None)
2026-05-03 14:53:35,995 [ERROR] ledger_system.business.procurement.procurement_import: 解析行失败 [02材料采购清单汇总表]: 'inbound_status' is an invalid keyword argument for Ledger, row=(34, None, '断路器 ', '电缆材料类', 30, '个', '2P C10A ', '施耐德/正泰等', 46133, None, None, None)
2026-05-03 14:53:35,995 [ERROR] ledger_system.business.procurement.procurement_import: 解析行失败 [02材料采购清单汇总表]: 'inbound_status' is an invalid keyword argument for Ledger, row=(35, None, '断路器 ', '电缆材料类', 150, '个', '2P C6A ', '施耐德/正泰等', 46133, None, None, None)
2026-05-03 14:53:35,995 [ERROR] ledger_system.business.procurement.procurement_import: 解析行失败 [02材料采购清单汇总表]: 'inbound_status' is an invalid keyword argument for Ledger, row=(36, None, '模数化插座', '电缆材料类', 30, '个', '模数化插座（5孔）', '施耐德/正泰等', 46133, None, None, None)
2026-05-03 14:53:35,995 [ERROR] ledger_system.business.procurement.procurement_import: 解析行失败 [02材料采购清单汇总表]: 'inbound_status' is an invalid keyword argument for Ledger, row=(37, None, '镀锌管', '电缆材料类', 4800, '米', '镀锌管φ25×2.0mm，Q235，热镀锌', '国优', 46133, None, None, None)
2026-05-03 14:53:35,996 [ERROR] ledger_system.business.procurement.procurement_import: 解析行失败 [02材料采购清单汇总表]: 'inbound_status' is an invalid keyword argument for Ledger, row=(38, None, '管件1', '电缆材料类', 390, '个', 'φ25×2.0mm，Q235，热镀锌直管管件；带内丝', '定制', 46133, None, None, None)
2026-05-03 14:53:35,996 [ERROR] ledger_system.business.procurement.procurement_import: 解析行失败 [02材料采购清单汇总表]: 'inbound_status' is an invalid keyword argument for Ledger, row=(39, None, '管件2', '电缆材料类', 330, '个', 'φ25×2.0mm，Q235，热镀锌弯管管件90°；带内丝', '定制', 46133, None, None, None)
2026-05-03 14:53:35,996 [ERROR] ledger_system.business.procurement.procurement_import: 解析行失败 [02材料采购清单汇总表]: 'inbound_status' is an invalid keyword argument for Ledger, row=(40, None, '油任接头', '电缆材料类', 100, '个', 'DN20（6分管）内丝，热镀锌', '国优', 46133, None, None, None)
2026-05-03 14:53:35,996 [ERROR] ledger_system.business.procurement.procurement_import: 解析行失败 [02材料采购清单汇总表]: 'inbound_status' is an invalid keyword argument for Ledger, row=(41, None, '∠50*50*5角钢', '电缆材料类', 510, '米', '热镀锌，∠50*50*5角钢', '国优', 46133, None, None, None)
2026-05-03 14:53:35,996 [ERROR] ledger_system.business.procurement.procurement_import: 解析行失败 [02材料采购清单汇总表]: 'inbound_status' is an invalid keyword argument for Ledger, row=(42, None, '镀锌管卡口', '电缆材料类', 300, '个', '钢结构卡25mm线管', '定制，国优', 46133, None, None, None)
2026-05-03 14:53:35,996 [ERROR] ledger_system.business.procurement.procurement_import: 解析行失败 [02材料采购清单汇总表]: 'inbound_status' is an invalid keyword argument for Ledger, row=(43, None, 'U型管卡', '电缆材料类', 1200, '个', 'φ27*M8 配套螺母、弹垫和平垫', '定制，国优', 46133, None, None, None)
2026-05-03 14:53:35,996 [ERROR] ledger_system.business.procurement.procurement_import: 解析行失败 [02材料采购清单汇总表]: 'inbound_status' is an invalid keyword argument for Ledger, row=(44, None, '防爆挠性管', '电缆材料类', 415, '根', 'DN20*1000（六分，长度1000mm），一头内丝接头、一头外丝，橡胶外皮', '定制', 46133, None, None, None)
2026-05-03 14:53:35,996 [ERROR] ledger_system.business.procurement.procurement_import: 解析行失败 [02材料采购清单汇总表]: 'inbound_status' is an invalid keyword argument for Ledger, row=(45, None, 'A型防爆接线盒', '电缆材料类', 173, '个', 'DN20 直通爆接线盒，配内丝接口', '定制，国优', 46133, None, None, None)
2026-05-03 14:53:35,996 [ERROR] ledger_system.business.procurement.procurement_import: 解析行失败 [02材料采购清单汇总表]: 'inbound_status' is an invalid keyword argument for Ledger, row=(46, None, 'D型防爆接线盒', '电缆材料类', 70, '个', 'DN20 左弯防爆接线盒，配内丝接口', '定制，国优', 46133, None, None, None)
2026-05-03 14:53:35,997 [ERROR] ledger_system.business.procurement.procurement_import: 解析行失败 [02材料采购清单汇总表]: 'inbound_status' is an invalid keyword argument for Ledger, row=(47, None, 'E型防爆接线盒', '电缆材料类', 70, '个', 'DN20 右弯防爆接线盒，配内丝接口', '定制，国优', 46133, None, None, None)
2026-05-03 14:53:35,997 [ERROR] ledger_system.business.procurement.procurement_import: 解析行失败 [02材料采购清单汇总表]: 'inbound_status' is an invalid keyword argument for Ledger, row=(48, None, 'C型防爆接线盒', '电缆材料类', 10, '个', 'DN20 四通防爆接线盒，配内丝接口', '定制，国优', 46133, None, None, None)
2026-05-03 14:53:35,997 [ERROR] ledger_system.business.procurement.procurement_import: 解析行失败 [02材料采购清单汇总表]: 'inbound_status' is an invalid keyword argument for Ledger, row=(49, None, '包塑金属软管', '电缆材料类', 300, '米', 'DN20', '定制，国优', 46133, None, None, None)
2026-05-03 14:53:35,997 [ERROR] ledger_system.business.procurement.procurement_import: 解析行失败 [02材料采购清单汇总表]: 'inbound_status' is an invalid keyword argument for Ledger, row=(50, None, '包塑金属软管箱接头', '电缆材料类', 100, '个', 'DPJ外丝箱接头（外丝接头） DN20', '定制，国优', 46133, None, None, None)
2026-05-03 14:53:35,997 [ERROR] ledger_system.business.procurement.procurement_import: 解析行失败 [02材料采购清单汇总表]: 'inbound_status' is an invalid keyword argument for Ledger, row=(51, None, '包塑金属软管管接头', '电缆材料类', 100, '个', 'DPJ管接头（三柱接头） DN20', '定制，国优', 46133, None, None, None)
2026-05-03 14:53:35,997 [ERROR] ledger_system.business.procurement.procurement_import: 解析行失败 [02材料采购清单汇总表]: 'inbound_status' is an invalid keyword argument for Ledger, row=(52, None, '设备接地线', '电缆材料类', 650, '米', '4平方\xa0黄绿阻燃接地线', '国优', 46133, None, None, None)
2026-05-03 14:53:35,997 [ERROR] ledger_system.business.procurement.procurement_import: 解析行失败 [02材料采购清单汇总表]: 'inbound_status' is an invalid keyword argument for Ledger, row=(53, None, 'GYXTW光缆', '电缆材料类', 330, '米', '国标单模中心束管4芯室外光缆线', '国优', 46133, None, None, None)
2026-05-03 14:53:35,997 [ERROR] ledger_system.business.procurement.procurement_import: 解析行失败 [02材料采购清单汇总表]: 'inbound_status' is an invalid keyword argument for Ledger, row=(54, None, '超五类网线', '电缆材料类', 945, '米', 'CAT5E双绞线', '国优', 46133, None, None, None)
2026-05-03 14:53:35,999 [ERROR] ledger_system.business.procurement.procurement_import: 解析行失败 [02材料采购清单汇总表]: 'inbound_status' is an invalid keyword argument for Ledger, row=(55, None, '光纤收发器', '电缆材料类', 1, '对', '单模单芯，千兆1光4电', '普联', 46133, None, None, None)
2026-05-03 14:53:35,999 [ERROR] ledger_system.business.procurement.procurement_import: 解析行失败 [02材料采购清单汇总表]: 'inbound_status' is an invalid keyword argument for Ledger, row=(56, None, '光纤终端盒', '电缆材料类', 1, '个', '4口SC单模满配光纤盒 ', '菲尼特', 46133, None, None, None)
2026-05-03 14:53:35,999 [ERROR] ledger_system.business.procurement.procurement_import: 解析行失败 [02材料采购清单汇总表]: 'inbound_status' is an invalid keyword argument for Ledger, row=(57, None, '5口纯电交换机', '电缆材料类', 10, '套', 'S110-5T', '华为', 46133, None, None, None)
2026-05-03 14:53:35,999 [ERROR] ledger_system.business.procurement.procurement_import: 解析行失败 [02材料采购清单汇总表]: 'inbound_status' is an invalid keyword argument for Ledger, row=(58, None, '光纤跳线', '电缆材料类', 2, '根', 'SC-SC单模单芯，1米', '菲尼特等', 46133, None, None, None)
2026-05-03 14:53:35,999 [ERROR] ledger_system.business.procurement.procurement_import: 解析行失败 [02材料采购清单汇总表]: 'inbound_status' is an invalid keyword argument for Ledger, row=(59, None, '物联网卡', '电缆材料类', 95, '个', '1G/月', '/', 46133, None, None, None)
2026-05-03 14:53:35,999 [ERROR] ledger_system.business.procurement.procurement_import: 解析行失败 [02材料采购清单汇总表]: 'inbound_status' is an invalid keyword argument for Ledger, row=(60, '其他类', '雾炮分站电脑', '其他类', 3, '套', 'CPU：英特尔i7；内存：16G；硬盘：1TB机械硬盘+128G BSSD硬盘；4G独立显卡。', '联想、戴尔', 46133, None, None, None)
2026-05-03 14:53:36,000 [ERROR] ledger_system.business.procurement.procurement_import: 解析行失败 [02材料采购清单汇总表]: 'inbound_status' is an invalid keyword argument for Ledger, row=(61, None, '显示器', '其他类', 3, '台', '27寸', '联想、戴尔', 46133, None, None, None)
2026-05-03 14:53:36,000 [ERROR] ledger_system.business.procurement.procurement_import: 解析行失败 [02材料采购清单汇总表]: 'inbound_status' is an invalid keyword argument for Ledger, row=(62, None, '插排', '其他类', 3, '个', 'GN-B2080，3.0米', '公牛等', 46133, None, None, None)
2026-05-03 14:53:36,000 [ERROR] ledger_system.business.procurement.procurement_import: 解析行失败 [02材料采购清单汇总表]: 'inbound_status' is an invalid keyword argument for Ledger, row=(63, None, '水分仪维修', '其他类', 1, '台', '备煤厂水分仪维修', '/', 46133, None, None, None)
2026-05-03 14:53:36,000 [ERROR] ledger_system.business.procurement.procurement_import: 解析行失败 [02材料采购清单汇总表]: 'inbound_status' is an invalid keyword argument for Ledger, row=(64, None, '磁盘阵列维修', '其他类', 1, '项', '利旧磁盘阵列厂家维修', '/', 46133, None, None, None)
2026-05-03 14:53:36,000 [ERROR] ledger_system.business.procurement.procurement_import: 解析行失败 [02材料采购清单汇总表]: 'inbound_status' is an invalid keyword argument for Ledger, row=(65, '测试类', '门禁监控球机', '测试类', 1, '套', 'iDS-2DE7412MC-D(C) ；400万7寸12倍全程全彩轻智能网络高清球机_直流\n400万12倍光学变倍，16倍数字变倍；\n含电源适配器', '海康', 46133, None, None, None)
2026-05-03 14:53:36,000 [ERROR] ledger_system.business.procurement.procurement_import: 解析行失败 [02材料采购清单汇总表]: 'inbound_status' is an invalid keyword argument for Ledger, row=(66, None, '球机吊装支架', '测试类', 1, '套', 'DS-1663ZJ', '海康', 46133, None, None, None)
2026-05-03 14:53:36,000 [INFO] ledger_system.business.procurement.procurement_import: 导入完成 [02材料采购清单汇总表]: 0 条
2026-05-03 14:53:36,001 [ERROR] ledger_system.business.procurement.procurement_import: 解析行失败 [02-01雾炮塔架材料清单]: 'inbound_status' is an invalid keyword argument for Ledger, row=(1, '钢板 ', 'δ10', 'Q235-A.F', 'GB／T 709-2006', 21.5, 'm2', 1687.75, None, 46133, '是', None, None, None, None, None, None)
2026-05-03 14:53:36,001 [ERROR] ledger_system.business.procurement.procurement_import: 解析行失败 [02-01雾炮塔架材料清单]: 'inbound_status' is an invalid keyword argument for Ledger, row=(2, '矩形方管', '150X150X5', 'Q235-A.F', 'GB/T6728-2002', 414, '米', 9426.78, '一根6米，69根', 46133, '是', None, '镀锌', None, None, None, None)
2026-05-03 14:53:36,001 [ERROR] ledger_system.business.procurement.procurement_import: 解析行失败 [02-01雾炮塔架材料清单]: 'inbound_status' is an invalid keyword argument for Ledger, row=(3, '矩形方管', '50X50X3', 'Q235-A.F', 'GB/T6728-2002', 246, '米', 1089.78, '一根6米，41根', 46133, '是', None, '镀锌', None, None, None, None)
2026-05-03 14:53:36,001 [ERROR] ledger_system.business.procurement.procurement_import: 解析行失败 [02-01雾炮塔架材料清单]: 'inbound_status' is an invalid keyword argument for Ledger, row=(4, '矩形方管', '200X200X6', 'Q235-A.F', 'GB/T6728-2002', 378, '米', 13815.9, '一根6米，63根', 46133, '是', None, '镀锌', None, None, None, None)
2026-05-03 14:53:36,002 [ERROR] ledger_system.business.procurement.procurement_import: 解析行失败 [02-01雾炮塔架材料清单]: 'inbound_status' is an invalid keyword argument for Ledger, row=(5, '矩形方管', '100X100X3', 'Q235-A.F', 'GB/T6728-2002', 252, '米', 2303.28, '一根6米，42根', 46133, '是', None, '镀锌', None, None, None, None)
2026-05-03 14:53:36,002 [ERROR] ledger_system.business.procurement.procurement_import: 解析行失败 [02-01雾炮塔架材料清单]: 'inbound_status' is an invalid keyword argument for Ledger, row=(6, '槽钢', '8#', 'Q235-A.F', 'GB/T706-2016', 186, '米', 1497.3, '一根6米，31根', 46133, '是', None, '镀锌', None, None, None, None)
2026-05-03 14:53:36,002 [ERROR] ledger_system.business.procurement.procurement_import: 解析行失败 [02-01雾炮塔架材料清单]: 'inbound_status' is an invalid keyword argument for Ledger, row=(7, '扁钢   ', '-100×3', 'Q235-A.F', 'GB/T 702-2017', 588, '米', 1387.68, '一根6米，98根', 46133, '是', None, None, None, None, None, None)
2026-05-03 14:53:36,002 [ERROR] ledger_system.business.procurement.procurement_import: 解析行失败 [02-01雾炮塔架材料清单]: 'inbound_status' is an invalid keyword argument for Ledger, row=(8, '扁钢   ', '-30×4', 'Q235-A.F', 'GB/T 702-2017', 1176, '米', 1105.44, '一根6米，196根', 46133, '是', None, '镀锌', None, None, None, None)
2026-05-03 14:53:36,002 [ERROR] ledger_system.business.procurement.procurement_import: 解析行失败 [02-01雾炮塔架材料清单]: 'inbound_status' is an invalid keyword argument for Ledger, row=(9, '焊接钢管 ', 'φ34×2.5', 'Q235-A.F', 'GB1030-1999', 1020, '米', 1978.8, '一根6米，170根', 46133, '是', None, '镀锌', None, None, None, None)
2026-05-03 14:53:36,002 [ERROR] ledger_system.business.procurement.procurement_import: 解析行失败 [02-01雾炮塔架材料清单]: 'inbound_status' is an invalid keyword argument for Ledger, row=(10, '花纹钢板 ', 'δ6', 'Q235-A.F', 'GB/T3277-1991', 170, 'm2', 8228, None, 46133, '是', None, '镀锌', None, None, None, None)
2026-05-03 14:53:36,002 [ERROR] ledger_system.business.procurement.procurement_import: 解析行失败 [02-01雾炮塔架材料清单]: 'inbound_status' is an invalid keyword argument for Ledger, row=(11, '槽钢', '12#', 'Q235-A.F', 'GB/T706-2016', 840, '米', 10332, '一根6米，140根', 46133, '是', None, '镀锌', None, None, None, None)
2026-05-03 14:53:36,002 [ERROR] ledger_system.business.procurement.procurement_import: 解析行失败 [02-01雾炮塔架材料清单]: 'inbound_status' is an invalid keyword argument for Ledger, row=(12, '角钢∠50*50*5  ', '∠50*50*5  ', 'Q235-A.F', 'GB/9788-1988', 480, '米', 1809.6, '一根6米，80根', 46133, '是', None, '镀锌', None, None, None, None)
2026-05-03 14:53:36,002 [ERROR] ledger_system.business.procurement.procurement_import: 解析行失败 [02-01雾炮塔架材料清单]: 'inbound_status' is an invalid keyword argument for Ledger, row=(13, '16a#槽钢', '16a', 'Q235-A.F', 'GB/T6728-2002', 18, '米', 311.4, '一根6米，18根', 46133, '是', None, '镀锌', None, None, None, None)
2026-05-03 14:53:36,003 [ERROR] ledger_system.business.procurement.procurement_import: 解析行失败 [02-01雾炮塔架材料清单]: 'inbound_status' is an invalid keyword argument for Ledger, row=(14, '焊接钢管 ', 'φ50×3', 'Q235-A.F', 'GB1030-1999', 696, '米', 2436, '一根6米，116根', 46133, None, None, None, None, None, None, None)
2026-05-03 14:53:36,003 [ERROR] ledger_system.business.procurement.procurement_import: 解析行失败 [02-01雾炮塔架材料清单]: 'inbound_status' is an invalid keyword argument for Ledger, row=(15, '角钢∠63*63*10  ', '∠63*63*10  ', 'Q235-A.F', 'GB/9788-1988', 414, '米', 3808.8, '一根6米，69根', 46133, '是', None, '镀锌，63*8', None, None, None, None)
2026-05-03 14:53:36,003 [ERROR] ledger_system.business.procurement.procurement_import: 解析行失败 [02-01雾炮塔架材料清单]: 'inbound_status' is an invalid keyword argument for Ledger, row=(16, '扁钢   ', '-50×6', 'Q235-A.F', 'GB/T 702-2017', 492, '米', 1180.8, '一根6米，82根', 46133, '是', None, '镀锌', None, None, None, None)
2026-05-03 14:53:36,003 [ERROR] ledger_system.business.procurement.procurement_import: 解析行失败 [02-01雾炮塔架材料清单]: 'inbound_status' is an invalid keyword argument for Ledger, row=(17, '扁钢   ', '-40×5', 'Q235-A.F', 'GB/T 702-2017', 600, '米', 960, '一根6米，100根', 46133, '是', None, '镀锌', None, None, None, None)
2026-05-03 14:53:36,003 [INFO] ledger_system.business.procurement.procurement_import: 导入完成 [02-01雾炮塔架材料清单]: 0 条
2026-05-03 14:53:36,004 [ERROR] ledger_system.business.procurement.procurement_import: 解析行失败 [02-02阀门采购清单]: 'inbound_status' is an invalid keyword argument for Ledger, row=(1, '球阀-1', '手动', 'Q47F-10-DN150；304不锈钢；法兰', '水', 'PN1.6', 60, None, 3, '个', '304不锈钢', '法兰连接', 46133, None, None, None)
2026-05-03 14:53:36,004 [ERROR] ledger_system.business.procurement.procurement_import: 解析行失败 [02-02阀门采购清单]: 'inbound_status' is an invalid keyword argument for Ledger, row=(2, '球阀-2', '手动', 'Q47F-10-DN100；304不锈钢；法兰', '水', 'PN1.0', 60, None, 4, '个', '304不锈钢', '法兰连接', 46133, None, None, None)
2026-05-03 14:53:36,004 [ERROR] ledger_system.business.procurement.procurement_import: 解析行失败 [02-02阀门采购清单]: 'inbound_status' is an invalid keyword argument for Ledger, row=(3, '球阀-3', '手动', 'Q47F-10-DN80；304不锈钢；法兰', '水', 'PN1.0', 60, None, 3, '个', '304不锈钢', '法兰连接', 46133, None, None, None)
2026-05-03 14:53:36,004 [ERROR] ledger_system.business.procurement.procurement_import: 解析行失败 [02-02阀门采购清单]: 'inbound_status' is an invalid keyword argument for Ledger, row=(4, '球阀-4', '手动', 'Q47F-10-DN50；304不锈钢；法兰', '水', 'PN1.0', 60, None, 6, '个', '304不锈钢', '法兰连接', 46133, None, None, None)
2026-05-03 14:53:36,004 [ERROR] ledger_system.business.procurement.procurement_import: 解析行失败 [02-02阀门采购清单]: 'inbound_status' is an invalid keyword argument for Ledger, row=(5, '球阀-5', '手动', 'Q47F-10-DN32；304不锈钢；法兰', '水', 'PN1.0', 60, None, 23, '个', '304不锈钢', '法兰连接', 46133, None, None, None)
2026-05-03 14:53:36,004 [ERROR] ledger_system.business.procurement.procurement_import: 解析行失败 [02-02阀门采购清单]: 'inbound_status' is an invalid keyword argument for Ledger, row=(6, '球阀-6', '手动', 'Q47F-10-DN25；304不锈钢；法兰', '水', 'PN1.0', 60, None, 2, '个', '304不锈钢', '法兰连接', 46133, None, None, None)
2026-05-03 14:53:36,004 [ERROR] ledger_system.business.procurement.procurement_import: 解析行失败 [02-02阀门采购清单]: 'inbound_status' is an invalid keyword argument for Ledger, row=(7, '球阀-7', '手动', 'Q17F-10-DN20；304不锈钢；内螺纹', '水', 'PN1.0', 60, None, 60, '个', '304不锈钢', '内螺纹', 46133, None, None, None)
2026-05-03 14:53:36,004 [ERROR] ledger_system.business.procurement.procurement_import: 解析行失败 [02-02阀门采购清单]: 'inbound_status' is an invalid keyword argument for Ledger, row=(8, '止回阀', '手动', 'H44F-10-DN100；304不锈钢；法兰', '水', 'PN1.0', 60, None, 2, '个', '304不锈钢', '法兰连接', 46133, None, None, None)
2026-05-03 14:53:36,004 [ERROR] ledger_system.business.procurement.procurement_import: 解析行失败 [02-02阀门采购清单]: 'inbound_status' is an invalid keyword argument for Ledger, row=(9, '止回阀', '手动', 'H44F-10-DN80；304不锈钢；法兰', '水', 'PN1.0', 60, None, 1, '个', '304不锈钢', '法兰连接', 46133, None, None, None)
2026-05-03 14:53:36,005 [ERROR] ledger_system.business.procurement.procurement_import: 解析行失败 [02-02阀门采购清单]: 'inbound_status' is an invalid keyword argument for Ledger, row=(10, '减压阀', '手动', 'DN32-1.6MPa，调压范围0.3-1.6MPa，带压力表(阀后）', '水', 'PN1.0', 60, None, 21, '个', '305不锈钢', '法兰连接', 46133, None, None, None)
2026-05-03 14:53:36,005 [ERROR] ledger_system.business.procurement.procurement_import: 解析行失败 [02-02阀门采购清单]: 'inbound_status' is an invalid keyword argument for Ledger, row=(11, '浮球阀', '手动', 'DN50浮球阀；304不锈钢；法兰', '水', 'PN1.6', 60, None, 4, '个', '304不锈钢', '法兰连接', 46133, None, None, None)
2026-05-03 14:53:36,005 [INFO] ledger_system.business.procurement.procurement_import: 导入完成 [02-02阀门采购清单]: 0 条
2026-05-03 14:53:36,006 [ERROR] ledger_system.business.procurement.procurement_import: 解析行失败 [02-03标准件采购清单]: 'inbound_status' is an invalid keyword argument for Ledger, row=(1, 'U型管卡', 'Q235-A 热镀锌', 'φ168×M8', 12, '套', '带螺母、平垫、弹垫', 46133, None, None, None, None, None, None, None, None)
2026-05-03 14:53:36,006 [ERROR] ledger_system.business.procurement.procurement_import: 解析行失败 [02-03标准件采购清单]: 'inbound_status' is an invalid keyword argument for Ledger, row=(2, 'U型管卡', 'Q235-A 热镀锌', 'φ114×M8', 660, '套', '带螺母、平垫、弹垫', 46133, None, None, None, None, None, None, None, None)
2026-05-03 14:53:36,006 [ERROR] ledger_system.business.procurement.procurement_import: 解析行失败 [02-03标准件采购清单]: 'inbound_status' is an invalid keyword argument for Ledger, row=(3, 'U型管卡', 'Q235-A 热镀锌', 'φ89×M8', 732, '套', '带螺母、平垫、弹垫', 46133, None, None, None, None, None, None, None, None)
2026-05-03 14:53:36,006 [ERROR] ledger_system.business.procurement.procurement_import: 解析行失败 [02-03标准件采购清单]: 'inbound_status' is an invalid keyword argument for Ledger, row=(5, 'U型管卡', 'Q235-A 热镀锌', 'φ60×M8', 681, '套', '带螺母、平垫、弹垫', 46133, None, None, None, None, None, None, None, None)
2026-05-03 14:53:36,006 [ERROR] ledger_system.business.procurement.procurement_import: 解析行失败 [02-03标准件采购清单]: 'inbound_status' is an invalid keyword argument for Ledger, row=(6, 'U型管卡', 'Q235-A 热镀锌', 'φ48×M8', 51, '套', '带螺母、平垫、弹垫', 46133, None, None, None, None, None, None, None, None)
2026-05-03 14:53:36,007 [ERROR] ledger_system.business.procurement.procurement_import: 解析行失败 [02-03标准件采购清单]: 'inbound_status' is an invalid keyword argument for Ledger, row=(7, 'U型管卡', 'Q235-A 热镀锌', 'φ42×M8', 318, '套', '带螺母、平垫、弹垫', 46133, None, None, None, None, None, None, None, None)
2026-05-03 14:53:36,007 [ERROR] ledger_system.business.procurement.procurement_import: 解析行失败 [02-03标准件采购清单]: 'inbound_status' is an invalid keyword argument for Ledger, row=(8, 'U型管卡', 'Q235-A 热镀锌', 'φ34×M8', 12, '套', '带螺母、平垫、弹垫', 46133, None, None, None, None, None, None, None, None)
2026-05-03 14:53:36,007 [ERROR] ledger_system.business.procurement.procurement_import: 解析行失败 [02-03标准件采购清单]: 'inbound_status' is an invalid keyword argument for Ledger, row=(8, 'U型管卡', 'Q235-A 热镀锌', 'φ27×M8', 138, '套', '带螺母、平垫、弹垫', 46133, None, None, None, None, None, None, None, None)
2026-05-03 14:53:36,007 [ERROR] ledger_system.business.procurement.procurement_import: 解析行失败 [02-03标准件采购清单]: 'inbound_status' is an invalid keyword argument for Ledger, row=(9, '对焊无缝90°弯头', 'GB/T12459-2005，热镀锌 铸铁', 'DN20A  90E(L)', 80, '个', None, 46133, None, None, None, None, None, None, None, None)
2026-05-03 14:53:36,007 [ERROR] ledger_system.business.procurement.procurement_import: 解析行失败 [02-03标准件采购清单]: 'inbound_status' is an invalid keyword argument for Ledger, row=(10, '对焊无缝90°弯头', 'GB/T12459-2005，热镀锌 铸铁', 'DN25A  90E(L)', 10, '个', None, 46133, None, None, None, None, None, None, None, None)
2026-05-03 14:53:36,007 [ERROR] ledger_system.business.procurement.procurement_import: 解析行失败 [02-03标准件采购清单]: 'inbound_status' is an invalid keyword argument for Ledger, row=(11, '对焊无缝90°弯头', ' GB/T12459-2005，热镀锌 铸铁', 'DN32A  90E(L)', 90, '个', None, 46133, None, None, None, None, None, None, None, None)
2026-05-03 14:53:36,007 [ERROR] ledger_system.business.procurement.procurement_import: 解析行失败 [02-03标准件采购清单]: 'inbound_status' is an invalid keyword argument for Ledger, row=(12, '对焊无缝90°弯头', ' GB/T12459-2005，热镀锌 铸铁', 'DN40A  90E(L)', 20, '个', None, 46133, None, None, None, None, None, None, None, None)
2026-05-03 14:53:36,007 [ERROR] ledger_system.business.procurement.procurement_import: 解析行失败 [02-03标准件采购清单]: 'inbound_status' is an invalid keyword argument for Ledger, row=(13, '对焊无缝90°弯头', ' GB/T12459-2005，热镀锌 铸铁', 'DN50A  90E(L)', 100, '个', None, 46133, None, None, None, None, None, None, None, None)
2026-05-03 14:53:36,007 [ERROR] ledger_system.business.procurement.procurement_import: 解析行失败 [02-03标准件采购清单]: 'inbound_status' is an invalid keyword argument for Ledger, row=(14, '对焊无缝90°弯头', ' GB/T12459-2005，热镀锌 铸铁', 'DN80A  90E(L)', 100, '个', None, 46133, None, None, None, None, None, None, None, None)
2026-05-03 14:53:36,007 [ERROR] ledger_system.business.procurement.procurement_import: 解析行失败 [02-03标准件采购清单]: 'inbound_status' is an invalid keyword argument for Ledger, row=(15, '对焊无缝90°弯头', ' GB/T12459-2005，热热镀锌 铸铁', 'DN100A  90E(L)', 70, '个', None, 46133, None, None, None, None, None, None, None, None)
2026-05-03 14:53:36,008 [ERROR] ledger_system.business.procurement.procurement_import: 解析行失败 [02-03标准件采购清单]: 'inbound_status' is an invalid keyword argument for Ledger, row=(16, '对焊无缝90°弯头', ' GB/T12459-2005，热热镀锌 铸铁', 'DN150A  90E(L)', 10, '个', None, 46133, None, None, None, None, None, None, None, None)
2026-05-03 14:53:36,008 [ERROR] ledger_system.business.procurement.procurement_import: 解析行失败 [02-03标准件采购清单]: 'inbound_status' is an invalid keyword argument for Ledger, row=(17, '对焊无缝等径三通', ' A系列 T(S) GB/T12459-2005 热镀锌 铸铁', 'DN100 ', 4, '个', None, 46133, None, None, None, None, None, None, None, None)
2026-05-03 14:53:36,008 [ERROR] ledger_system.business.procurement.procurement_import: 解析行失败 [02-03标准件采购清单]: 'inbound_status' is an invalid keyword argument for Ledger, row=(18, '对焊无缝等径三通', ' A系列 T(S) GB/T12459-2005 热镀锌 铸铁', 'DN80', 8, '个', None, 46133, None, None, None, None, None, None, None, None)
2026-05-03 14:53:36,008 [ERROR] ledger_system.business.procurement.procurement_import: 解析行失败 [02-03标准件采购清单]: 'inbound_status' is an invalid keyword argument for Ledger, row=(19, '对焊无缝等径三通', ' A系列 T(S) GB/T12459-2005 热镀锌 铸铁', 'DN50', 12, '个', None, 46133, None, None, None, None, None, None, None, None)
2026-05-03 14:53:36,008 [ERROR] ledger_system.business.procurement.procurement_import: 解析行失败 [02-03标准件采购清单]: 'inbound_status' is an invalid keyword argument for Ledger, row=(20, '对焊无缝异径三通', ' A系列 GB/T 12459 T(R)  热镀锌 铸铁', '  DN80×32', 12, '个', None, 46133, None, None, None, None, None, None, None, None)
2026-05-03 14:53:36,008 [ERROR] ledger_system.business.procurement.procurement_import: 解析行失败 [02-03标准件采购清单]: 'inbound_status' is an invalid keyword argument for Ledger, row=(21, '对焊无缝异径三通', ' A系列 GB/T 12459 T(R)  热镀锌 铸铁', '  DN50×32', 10, '个', None, 46133, None, None, None, None, None, None, None, None)
2026-05-03 14:53:36,008 [ERROR] ledger_system.business.procurement.procurement_import: 解析行失败 [02-03标准件采购清单]: 'inbound_status' is an invalid keyword argument for Ledger, row=(22, '对焊无缝异径三通', ' A系列 GB/T 12459 T(R)  热镀锌 铸铁', '  DN40×32', 2, '个', None, 46133, None, None, None, None, None, None, None, None)
2026-05-03 14:53:36,008 [ERROR] ledger_system.business.procurement.procurement_import: 解析行失败 [02-03标准件采购清单]: 'inbound_status' is an invalid keyword argument for Ledger, row=(23, '同心大小头', 'GB/T 12459 R(C)  A系列，热镀锌 铸铁', 'DN100*80', 5, '个', None, 46133, None, None, None, None, None, None, None, None)
2026-05-03 14:53:36,008 [ERROR] ledger_system.business.procurement.procurement_import: 解析行失败 [02-03标准件采购清单]: 'inbound_status' is an invalid keyword argument for Ledger, row=(24, '同心大小头', 'GB/T 12459 R(C)  A系列，热镀锌 铸铁', 'DN80*50', 10, '个', None, 46133, None, None, None, None, None, None, None, None)
2026-05-03 14:53:36,008 [ERROR] ledger_system.business.procurement.procurement_import: 解析行失败 [02-03标准件采购清单]: 'inbound_status' is an invalid keyword argument for Ledger, row=(25, '同心大小头', 'GB/T 12459 R(C)  A系列，热镀锌 铸铁', 'DN50*40', 3, '个', None, 46133, None, None, None, None, None, None, None, None)
2026-05-03 14:53:36,009 [ERROR] ledger_system.business.procurement.procurement_import: 解析行失败 [02-03标准件采购清单]: 'inbound_status' is an invalid keyword argument for Ledger, row=(26, '同心大小头', 'GB/T 12459 R(C)  A系列，热镀锌 铸铁', 'DN40*32', 2, '个', None, 46133, None, None, None, None, None, None, None, None)
2026-05-03 14:53:36,009 [ERROR] ledger_system.business.procurement.procurement_import: 解析行失败 [02-03标准件采购清单]: 'inbound_status' is an invalid keyword argument for Ledger, row=(27, '同心大小头', 'GB/T 12459 R(C)  A系列，热镀锌 铸铁', 'DN50*32', 10, '个', None, 46133, None, None, None, None, None, None, None, None)
2026-05-03 14:53:36,009 [ERROR] ledger_system.business.procurement.procurement_import: 解析行失败 [02-03标准件采购清单]: 'inbound_status' is an invalid keyword argument for Ledger, row=(28, '活接', 'Q235-A 热镀锌 铸铁', 'DN32', 21, '个', '含密封垫', 46133, None, None, None, None, None, None, None, None)
2026-05-03 14:53:36,009 [ERROR] ledger_system.business.procurement.procurement_import: 解析行失败 [02-03标准件采购清单]: 'inbound_status' is an invalid keyword argument for Ledger, row=(29, '活接', 'Q235-A 热镀锌 铸铁', 'DN25', 2, '个', '含密封垫', 46133, None, None, None, None, None, None, None, None)
2026-05-03 14:53:36,009 [ERROR] ledger_system.business.procurement.procurement_import: 解析行失败 [02-03标准件采购清单]: 'inbound_status' is an invalid keyword argument for Ledger, row=(30, '对丝', 'Q235-A 热镀锌 铸铁', 'DN25', 2, '个', None, 46133, None, None, None, None, None, None, None, None)
2026-05-03 14:53:36,009 [ERROR] ledger_system.business.procurement.procurement_import: 解析行失败 [02-03标准件采购清单]: 'inbound_status' is an invalid keyword argument for Ledger, row=(31, '单丝头', 'Q235-A 热镀锌 铸铁', 'DN25', 2, '个', None, 46133, None, None, None, None, None, None, None, None)
2026-05-03 14:53:36,009 [ERROR] ledger_system.business.procurement.procurement_import: 解析行失败 [02-03标准件采购清单]: 'inbound_status' is an invalid keyword argument for Ledger, row=(32, '对丝', 'Q235-A 热镀锌 铸铁', 'DN32', 21, '个', None, 46133, None, None, None, None, None, None, None, None)
2026-05-03 14:53:36,009 [ERROR] ledger_system.business.procurement.procurement_import: 解析行失败 [02-03标准件采购清单]: 'inbound_status' is an invalid keyword argument for Ledger, row=(33, '单丝头', 'Q235-A 热镀锌 铸铁', 'DN32', 21, '个', None, 46133, None, None, None, None, None, None, None, None)
2026-05-03 14:53:36,009 [ERROR] ledger_system.business.procurement.procurement_import: 解析行失败 [02-03标准件采购清单]: 'inbound_status' is an invalid keyword argument for Ledger, row=(34, '单丝头', 'Q235-A 热镀锌 铸铁', 'DN20', 120, '个', None, 46133, None, None, None, None, None, None, None, None)
2026-05-03 14:53:36,010 [ERROR] ledger_system.business.procurement.procurement_import: 解析行失败 [02-03标准件采购清单]: 'inbound_status' is an invalid keyword argument for Ledger, row=(35, '平焊钢制管法兰', 'GB/T 9119-2016 DN150，Q235-A热镀锌', '1.0MPa', 6, '片', None, 46133, None, None, None, None, None, None, None, None)
2026-05-03 14:53:36,010 [ERROR] ledger_system.business.procurement.procurement_import: 解析行失败 [02-03标准件采购清单]: 'inbound_status' is an invalid keyword argument for Ledger, row=(36, '平焊钢制管法兰', 'GB/T 9119-2016 DN100，Q235-A热镀锌', '1.0MPa', 12, '片', None, 46133, None, None, None, None, None, None, None, None)
2026-05-03 14:53:36,010 [ERROR] ledger_system.business.procurement.procurement_import: 解析行失败 [02-03标准件采购清单]: 'inbound_status' is an invalid keyword argument for Ledger, row=(37, '平焊钢制管法兰', 'GB/T 9119-2016 DN80，Q235-A热镀锌', '1.0MPa', 8, '片', None, 46133, None, None, None, None, None, None, None, None)
2026-05-03 14:53:36,010 [ERROR] ledger_system.business.procurement.procurement_import: 解析行失败 [02-03标准件采购清单]: 'inbound_status' is an invalid keyword argument for Ledger, row=(38, '平焊钢制管法兰', 'GB/T 9119-2016 DN50，Q235-A热镀锌', '1.0MPa', 20, '片', None, 46133, None, None, None, None, None, None, None, None)
2026-05-03 14:53:36,010 [ERROR] ledger_system.business.procurement.procurement_import: 解析行失败 [02-03标准件采购清单]: 'inbound_status' is an invalid keyword argument for Ledger, row=(39, '平焊钢制管法兰', 'GB/T 9119-2016 DN32，Q235-A热镀锌', '1.0MPa', 88, '片', None, 46133, None, None, None, None, None, None, None, None)
2026-05-03 14:53:36,010 [ERROR] ledger_system.business.procurement.procurement_import: 解析行失败 [02-03标准件采购清单]: 'inbound_status' is an invalid keyword argument for Ledger, row=(40, '平焊钢制管法兰', 'GB/T 9119-2016 DN25，Q235-A热镀锌', '1.0MPa', 4, '片', None, 46133, None, None, None, None, None, None, None, None)
2026-05-03 14:53:36,010 [ERROR] ledger_system.business.procurement.procurement_import: 解析行失败 [02-03标准件采购清单]: 'inbound_status' is an invalid keyword argument for Ledger, row=(41, '法兰垫', 'GB/T 9126-2008 RF DN150，石棉橡胶平垫', '1.0MPa', 6, '片', None, 46133, None, None, None, None, None, None, None, None)
2026-05-03 14:53:36,010 [ERROR] ledger_system.business.procurement.procurement_import: 解析行失败 [02-03标准件采购清单]: 'inbound_status' is an invalid keyword argument for Ledger, row=(42, '法兰垫', 'GB/T 9126-2008 RF DN100，石棉橡胶平垫', '1.0MPa', 12, '片', None, 46133, None, None, None, None, None, None, None, None)
2026-05-03 14:53:36,010 [ERROR] ledger_system.business.procurement.procurement_import: 解析行失败 [02-03标准件采购清单]: 'inbound_status' is an invalid keyword argument for Ledger, row=(43, '法兰垫', 'GB/T 9126-2008 RF DN80，石棉橡胶平垫', '1.0MPa', 8, '片', None, 46133, None, None, None, None, None, None, None, None)
2026-05-03 14:53:36,010 [ERROR] ledger_system.business.procurement.procurement_import: 解析行失败 [02-03标准件采购清单]: 'inbound_status' is an invalid keyword argument for Ledger, row=(44, '法兰垫', 'GB/T 9126-2008 RF DN50，石棉橡胶平垫', '1.0MPa', 20, '片', None, 46133, None, None, None, None, None, None, None, None)
2026-05-03 14:53:36,010 [ERROR] ledger_system.business.procurement.procurement_import: 解析行失败 [02-03标准件采购清单]: 'inbound_status' is an invalid keyword argument for Ledger, row=(45, '法兰垫', 'GB/T 9126-2008 RF DN32，石棉橡胶平垫', '1.0MPa', 88, '片', None, 46133, None, None, None, None, None, None, None, None)
2026-05-03 14:53:36,011 [ERROR] ledger_system.business.procurement.procurement_import: 解析行失败 [02-03标准件采购清单]: 'inbound_status' is an invalid keyword argument for Ledger, row=(46, '法兰垫', 'GB/T 9126-2008 RF DN25，石棉橡胶平垫', '1.0MPa', 4, '片', None, 46133, None, None, None, None, None, None, None, None)
2026-05-03 14:53:36,011 [INFO] ledger_system.business.procurement.procurement_import: 导入完成 [02-03标准件采购清单]: 0 条
2026-05-03 14:53:36,012 [ERROR] ledger_system.business.procurement.procurement_import: 解析行失败 [03电气材料采购清单]: 'inbound_status' is an invalid keyword argument for Ledger, row=(1, 'GYXTW光缆', '网络材料类', 14000, '米', '国标单模中心束管4芯室外光缆线', '国优', 46130, None, None, None)
2026-05-03 14:53:36,012 [ERROR] ledger_system.business.procurement.procurement_import: 解析行失败 [03电气材料采购清单]: 'inbound_status' is an invalid keyword argument for Ledger, row=(2, 'GYXTW光缆', '网络材料类', 1000, '米', '国标单模中心束管8芯室外光缆线', '国优', 46130, None, None, None)
2026-05-03 14:53:36,012 [ERROR] ledger_system.business.procurement.procurement_import: 解析行失败 [03电气材料采购清单]: 'inbound_status' is an invalid keyword argument for Ledger, row=(3, '超五类网线', '网络材料类', 5000, '米', '室内超五类非屏蔽双绞线', '国优', 46130, None, None, None)
2026-05-03 14:53:36,012 [ERROR] ledger_system.business.procurement.procurement_import: 解析行失败 [03电气材料采购清单]: 'inbound_status' is an invalid keyword argument for Ledger, row=(4, '电源电缆', '电缆材料类', 5600, '米', 'RVV3*1.5mm2', '国优', 46130, None, None, None)
2026-05-03 14:53:36,012 [ERROR] ledger_system.business.procurement.procurement_import: 解析行失败 [03电气材料采购清单]: 'inbound_status' is an invalid keyword argument for Ledger, row=(5, '黄绿接地线', '电缆材料类', 300, '米', '国标BVR6黄绿接地线', '国优', 46130, None, None, None)
2026-05-03 14:53:36,012 [ERROR] ledger_system.business.procurement.procurement_import: 解析行失败 [03电气材料采购清单]: 'inbound_status' is an invalid keyword argument for Ledger, row=(6, '镀锌焊管', '传线管材料类', 9050, '米', '国标，DN20,热镀锌，厚度>=2.0mm', '国优', 46130, None, None, None)
2026-05-03 14:53:36,012 [ERROR] ledger_system.business.procurement.procurement_import: 解析行失败 [03电气材料采购清单]: 'inbound_status' is an invalid keyword argument for Ledger, row=(7, '镀锌焊管直接', '传线管材料类', 1600, '个', '国标，配套DN20镀锌焊管', '国优', 46130, None, None, None)
2026-05-03 14:53:36,012 [ERROR] ledger_system.business.procurement.procurement_import: 解析行失败 [03电气材料采购清单]: 'inbound_status' is an invalid keyword argument for Ledger, row=(8, '防爆直通穿线盒', '传线管材料类', 60, '个', '防爆DN20直通', '国优', 46130, None, None, None)
2026-05-03 14:53:36,012 [ERROR] ledger_system.business.procurement.procurement_import: 解析行失败 [03电气材料采购清单]: 'inbound_status' is an invalid keyword argument for Ledger, row=(9, '防爆弯头', '传线管材料类', 30, '个', 'H型，加厚款DN20', '国优', 46130, None, None, None)
2026-05-03 14:53:36,013 [ERROR] ledger_system.business.procurement.procurement_import: 解析行失败 [03电气材料采购清单]: 'inbound_status' is an invalid keyword argument for Ledger, row=(10, '骑马卡', '传线管材料类', 2000, '个', '加厚不锈钢S201,与DN20管道外径尺寸配套', '国优', 46130, None, None, None)
2026-05-03 14:53:36,013 [ERROR] ledger_system.business.procurement.procurement_import: 解析行失败 [03电气材料采购清单]: 'inbound_status' is an invalid keyword argument for Ledger, row=(11, '梯式桥架', '传线管材料类', 3800, '米', '100*75*2mm镀锌桥架，含盖板及连接桥架接地软铜连接线', '国优', 46130, None, None, None)
2026-05-03 14:53:36,013 [ERROR] ledger_system.business.procurement.procurement_import: 解析行失败 [03电气材料采购清单]: 'inbound_status' is an invalid keyword argument for Ledger, row=(12, '梯架式水平弯通', '传线管材料类', 32, '个', '配套100*75mm梯式桥架，配连接板、连接螺栓、护罩；带模数孔，热镀锌', '国优', 46130, None, None, None)
2026-05-03 14:53:36,013 [ERROR] ledger_system.business.procurement.procurement_import: 解析行失败 [03电气材料采购清单]: 'inbound_status' is an invalid keyword argument for Ledger, row=(13, '梯架式水平三通', '传线管材料类', 18, '个', '配套100*75mm梯式桥架，配连接板、连接螺栓、护罩；带模数孔，热镀锌', '国优', 46130, None, None, None)
2026-05-03 14:53:36,013 [ERROR] ledger_system.business.procurement.procurement_import: 解析行失败 [03电气材料采购清单]: 'inbound_status' is an invalid keyword argument for Ledger, row=(14, '梯架式垂直上弯通', '传线管材料类', 64, '个', '配套100*75mm梯式桥架，配连接板、连接螺栓、护罩；带模数孔，热镀锌', '国优', 46130, None, None, None)
2026-05-03 14:53:36,013 [ERROR] ledger_system.business.procurement.procurement_import: 解析行失败 [03电气材料采购清单]: 'inbound_status' is an invalid keyword argument for Ledger, row=(15, '桥架跨接线', '桥架材料类', 670, '条', '小黄线 4平方400mm长  纯铜【孔10】', '国优', 46130, None, None, None)
2026-05-03 14:53:36,013 [ERROR] ledger_system.business.procurement.procurement_import: 解析行失败 [03电气材料采购清单]: 'inbound_status' is an invalid keyword argument for Ledger, row=(16, '40角钢', '其它安装材料', 500, '米', '∠*40*40,Q235', '国优', 46130, None, None, None)
2026-05-03 14:53:36,013 [ERROR] ledger_system.business.procurement.procurement_import: 解析行失败 [03电气材料采购清单]: 'inbound_status' is an invalid keyword argument for Ledger, row=(17, '包塑金属软管', '传线管材料类', 100, '米', '包塑金属软管，国标加厚DN20', '国优', 46130, None, None, None)
2026-05-03 14:53:36,013 [ERROR] ledger_system.business.procurement.procurement_import: 解析行失败 [03电气材料采购清单]: 'inbound_status' is an invalid keyword argument for Ledger, row=(18, '梅花自固金属接头', '传线管材料类', 30, '个', '自固卡簧卡套式，对接DN20镀锌焊管及包塑金属蛇皮软管', '国优', 46130, None, None, None)
2026-05-03 14:53:36,014 [ERROR] ledger_system.business.procurement.procurement_import: 解析行失败 [03电气材料采购清单]: 'inbound_status' is an invalid keyword argument for Ledger, row=(19, '金属软管外丝接头', '传线管材料类', 30, '个', '国标六角DN20-M20*1.5', '国优', 46130, None, None, None)
2026-05-03 14:53:36,014 [ERROR] ledger_system.business.procurement.procurement_import: 解析行失败 [03电气材料采购清单]: 'inbound_status' is an invalid keyword argument for Ledger, row=(20, '防爆挠性管', '传线管材料类', 335, '条', '6分DN20*1000MM，1头外丝，1头内丝', '国优', 46130, None, None, None)
2026-05-03 14:53:36,014 [ERROR] ledger_system.business.procurement.procurement_import: 解析行失败 [03电气材料采购清单]: 'inbound_status' is an invalid keyword argument for Ledger, row=(21, '数据采集网关', '数据采集设备', 12, '个', 'X100', '锐谷智联', 46130, None, None, None)
2026-05-03 14:53:36,014 [ERROR] ledger_system.business.procurement.procurement_import: 解析行失败 [03电气材料采购清单]: 'inbound_status' is an invalid keyword argument for Ledger, row=(22, '分表计电', '数据采集设备', 1, '个', 'SDT640G-SP400A', '斯同瑞', 46130, None, None, None)
2026-05-03 14:53:36,014 [ERROR] ledger_system.business.procurement.procurement_import: 解析行失败 [03电气材料采购清单]: 'inbound_status' is an invalid keyword argument for Ledger, row=(23, '分表计电', '数据采集设备', 1, '个', 'SDT640G-SP200A', '斯同瑞', 46130, None, None, None)
2026-05-03 14:53:36,014 [ERROR] ledger_system.business.procurement.procurement_import: 解析行失败 [03电气材料采购清单]: 'inbound_status' is an invalid keyword argument for Ledger, row=(24, '分表计电', '数据采集设备', 2, '个', 'SDT640G-SP20A', '斯同瑞', 46130, None, None, None)
2026-05-03 14:53:36,014 [ERROR] ledger_system.business.procurement.procurement_import: 解析行失败 [03电气材料采购清单]: 'inbound_status' is an invalid keyword argument for Ledger, row=(25, '物联网卡', '数据采集设备', 17, '个', '流量500M每月', '国优', 46130, None, None, None)
2026-05-03 14:53:36,014 [ERROR] ledger_system.business.procurement.procurement_import: 解析行失败 [03电气材料采购清单]: 'inbound_status' is an invalid keyword argument for Ledger, row=(26, '开关电源', '数据采集配件', 25, '个', 'LI10-20B24PU（AC220V,DC24V,0.42A）', '金升阳', 46130, None, None, None)
2026-05-03 14:53:36,014 [ERROR] ledger_system.business.procurement.procurement_import: 解析行失败 [03电气材料采购清单]: 'inbound_status' is an invalid keyword argument for Ledger, row=(27, '底层通信柜（防爆）', '网络配件类', 41, '套', '450*350*250mm，壁挂安装，底部开8个孔配DN20内丝接头，箱内有安装背板中间配可移动挡板壁挂安装，内置导轨，向右开门。防爆等级（粉尘防爆)。', '国优', 46130, None, None, None)
2026-05-03 14:53:36,014 [ERROR] ledger_system.business.procurement.procurement_import: 解析行失败 [03电气材料采购清单]: 'inbound_status' is an invalid keyword argument for Ledger, row=(28, '底层通信柜（非防爆）', '网络配件类', 5, '套', '450*350*250mm，壁挂安装，板厚：1.2mm,碳钢喷塑中间有一层隔层板，箱内背面有独立背板，门板配密封条防止进水，箱内配有接线地排，内置导轨，室外防雨，配置有防雨罩，进出线孔开8个DN20孔，配有防水接头，。', '国优', 46130, None, None, None)
2026-05-03 14:53:36,015 [ERROR] ledger_system.business.procurement.procurement_import: 解析行失败 [03电气材料采购清单]: 'inbound_status' is an invalid keyword argument for Ledger, row=(29, '网络机柜（防爆）', '网络配件类', 3, '套', '750*650*500mm。14U内部标准19英寸机架式尺寸安装，中间配可移动挡板.需要配置底部开16个孔配DN20内丝接头，壁挂安装（安装件需加固），内置机柜导轨，向右开门，防爆等级（粉尘防爆)。', '国优', 46130, None, None, None)
2026-05-03 14:53:36,015 [ERROR] ledger_system.business.procurement.procurement_import: 解析行失败 [03电气材料采购清单]: 'inbound_status' is an invalid keyword argument for Ledger, row=(30, '网络机柜（非防爆）', '网络配件类', 1, '套', '700*600*450mm。14U内部标准19英寸机架式尺寸安装，中间配可移动挡板.需要配置底部开12个孔配DN20内丝接头，壁挂安装（安装件需加固），内置机柜导轨，向右开门，门板配密封条防止进水，室外防雨，配置有防雨罩。', '国优', 46130, None, None, None)
2026-05-03 14:53:36,015 [ERROR] ledger_system.business.procurement.procurement_import: 解析行失败 [03电气材料采购清单]: 'inbound_status' is an invalid keyword argument for Ledger, row=(31, '微型断路器', '其它安装材料', 60, '个', 'NXB-63 2P 6A', '正泰', 46130, None, None, None)
2026-05-03 14:53:36,015 [ERROR] ledger_system.business.procurement.procurement_import: 解析行失败 [03电气材料采购清单]: 'inbound_status' is an invalid keyword argument for Ledger, row=(32, 'PDU插座', '其它安装材料', 5, '个', '机柜PDU插座8位10A', '国优', 46130, None, None, None)
2026-05-03 14:53:36,015 [ERROR] ledger_system.business.procurement.procurement_import: 解析行失败 [03电气材料采购清单]: 'inbound_status' is an invalid keyword argument for Ledger, row=(33, '数模插座', '其它安装材料', 150, '个', 'AC30-10530', '正泰', 46130, None, None, None)
2026-05-03 14:53:36,015 [ERROR] ledger_system.business.procurement.procurement_import: 解析行失败 [03电气材料采购清单]: 'inbound_status' is an invalid keyword argument for Ledger, row=(34, '光模块', '网络设备类', 8, '对', 'SFP-GE-LX-SM1310-BIDI、SFP-GE-LX-SM1490-BIDI', '华为', 46130, None, None, None)
2026-05-03 14:53:36,015 [ERROR] ledger_system.business.procurement.procurement_import: 解析行失败 [03电气材料采购清单]: 'inbound_status' is an invalid keyword argument for Ledger, row=(35, '汇聚交换机', '网络设备类', 9, '个', 'S5735-L12T4S-A', '华为', 46130, None, None, None)
2026-05-03 14:53:36,015 [ERROR] ledger_system.business.procurement.procurement_import: 解析行失败 [03电气材料采购清单]: 'inbound_status' is an invalid keyword argument for Ledger, row=(36, '5口交换机', '网络设备类', 10, '个', 'TL-SF1005', 'TP-Link', 46130, None, None, None)
2026-05-03 14:53:36,015 [ERROR] ledger_system.business.procurement.procurement_import: 解析行失败 [03电气材料采购清单]: 'inbound_status' is an invalid keyword argument for Ledger, row=(37, '光纤交换机', '网络设备类', 9, '个', 'TL-FC382A-3', 'TP-Link', 46130, None, None, None)
2026-05-03 14:53:36,015 [ERROR] ledger_system.business.procurement.procurement_import: 解析行失败 [03电气材料采购清单]: 'inbound_status' is an invalid keyword argument for Ledger, row=(38, '1光1电A端收发器', '网络设备类', 5, '个', 'TL-FC311A-3', 'TP-Link', 46130, None, None, None)
2026-05-03 14:53:36,015 [ERROR] ledger_system.business.procurement.procurement_import: 解析行失败 [03电气材料采购清单]: 'inbound_status' is an invalid keyword argument for Ledger, row=(39, '1光4电B端收发器', '网络设备类', 55, '个', 'TL-FC314B-3', 'TP-Link', 46130, None, None, None)
2026-05-03 14:53:36,016 [ERROR] ledger_system.business.procurement.procurement_import: 解析行失败 [03电气材料采购清单]: 'inbound_status' is an invalid keyword argument for Ledger, row=(40, '光纤终端盒', '网络设备类', 55, '个', '4口光纤盒PH-ZDH-4SC-SM，满配SC尾纤', '菲尼特', 46130, None, None, None)
2026-05-03 14:53:36,016 [ERROR] ledger_system.business.procurement.procurement_import: 解析行失败 [03电气材料采购清单]: 'inbound_status' is an invalid keyword argument for Ledger, row=(41, '1#光纤配线架', '网络设备类', 1, '个', '48芯SC单模满配ODF', '国优', 46130, None, None, None)
2026-05-03 14:53:36,016 [ERROR] ledger_system.business.procurement.procurement_import: 解析行失败 [03电气材料采购清单]: 'inbound_status' is an invalid keyword argument for Ledger, row=(42, '2#光纤配线架', '网络设备类', 3, '个', '36芯SC单模满配ODF', '国优', 46130, None, None, None)
2026-05-03 14:53:36,016 [ERROR] ledger_system.business.procurement.procurement_import: 解析行失败 [03电气材料采购清单]: 'inbound_status' is an invalid keyword argument for Ledger, row=(43, '导轨', '其它安装材料', 20, '米', '国标c45铁导轨35mm安装轨道条', '国优', 46130, None, None, None)
2026-05-03 14:53:36,016 [ERROR] ledger_system.business.procurement.procurement_import: 解析行失败 [03电气材料采购清单]: 'inbound_status' is an invalid keyword argument for Ledger, row=(44, '1#光纤跳线', '网络配件类', 154, '条', 'SC-SC单模单芯，1米', '国优', 46130, None, None, None)
2026-05-03 14:53:36,016 [ERROR] ledger_system.business.procurement.procurement_import: 解析行失败 [03电气材料采购清单]: 'inbound_status' is an invalid keyword argument for Ledger, row=(45, '2#光纤跳线', '网络配件类', 36, '条', 'LC-SC单模单芯，1.5米', '国优', 46130, None, None, None)
2026-05-03 14:53:36,016 [ERROR] ledger_system.business.procurement.procurement_import: 解析行失败 [03电气材料采购清单]: 'inbound_status' is an invalid keyword argument for Ledger, row=(46, '3#光纤跳线', '网络配件类', 6, '条', 'LC-LC单模双芯，5米', '国优', 46130, None, None, None)
2026-05-03 14:53:36,016 [ERROR] ledger_system.business.procurement.procurement_import: 解析行失败 [03电气材料采购清单]: 'inbound_status' is an invalid keyword argument for Ledger, row=(47, '施工辅材', '其它安装材料', 1, '批', '施工队按需提供', '国优', 46130, None, None, None)
2026-05-03 14:53:36,016 [ERROR] ledger_system.business.procurement.procurement_import: 解析行失败 [03电气材料采购清单]: 'inbound_status' is an invalid keyword argument for Ledger, row=(48, '雾炮改造', '其它安装材料', 1, '项', '旧雾炮电箱改造，AC 380V/50HZ   27kw（需按排厂家与设计对接）', '定制', 46130, None, None, None)
2026-05-03 14:53:36,017 [INFO] ledger_system.business.procurement.procurement_import: 导入完成 [03电气材料采购清单]: 0 条
2026-05-03 14:54:25,560 [INFO] ledger_system.business.procurement.procurement_import: 导入完成 [01设备采购清单汇总表]: 42 条
2026-05-03 14:54:25,713 [INFO] ledger_system.business.procurement.procurement_import: 导入完成 [01-01流量计安装材料采购清单]: 22 条
2026-05-03 14:54:25,936 [INFO] ledger_system.business.procurement.procurement_import: 导入完成 [02材料采购清单汇总表]: 66 条
2026-05-03 14:54:26,080 [INFO] ledger_system.business.procurement.procurement_import: 导入完成 [02-01雾炮塔架材料清单]: 17 条
2026-05-03 14:54:26,220 [INFO] ledger_system.business.procurement.procurement_import: 导入完成 [02-02阀门采购清单]: 11 条
2026-05-03 14:54:26,393 [INFO] ledger_system.business.procurement.procurement_import: 导入完成 [02-03标准件采购清单]: 46 条
2026-05-03 14:54:26,577 [INFO] ledger_system.business.procurement.procurement_import: 导入完成 [03电气材料采购清单]: 48 条
2026-05-03 15:03:56,134 [ERROR] ledger: 命令执行失败: 'Ledger' object has no attribute 'drive_type'
Traceback (most recent call last):
  File "D:\工作\日常工作\台账\ledger_system\program\cli.py", line 111, in main
    cmd.execute(args)
  File "D:\工作\日常工作\台账\ledger_system\program\commands\sync.py", line 16, in execute
    sync.sync_all()
  File "D:\工作\日常工作\台账\ledger_system\business\report\report_sync.py", line 63, in sync_all
    self._sync_inventory(repo)
  File "D:\工作\日常工作\台账\ledger_system\business\report\report_sync.py", line 83, in _sync_inventory
    "驱动形式": item.drive_type or "",
                ^^^^^^^^^^^^^^^
AttributeError: 'Ledger' object has no attribute 'drive_type'
